<?xml version="1.0" encoding="UTF-8"?>
<testsuites>
  <testsuite name="Introduction to WebdriverIO" timestamp="2023-04-04T14:58:51" time="9.981" tests="5" failures="0" errors="0" skipped="0">
    <properties>
      <property name="specId" value="0"/>
      <property name="suiteName" value="Introduction to WebdriverIO"/>
      <property name="capabilities" value="firefox.111_0_1.windows"/>
      <property name="file" value="file:///C:/Users/Vadim_Scherbakov/JS/automation-js-basic/automation-js-basic-ui/automation-js-basic/src/test/specs/test.spec.js"/>
    </properties>
    <testcase classname="firefox.111_0_1.windows.Introduction_to_WebdriverIO" name="Opens Login Page and ensures login controls presence" time="0.689">
      <system-out><![CDATA[
COMMAND: POST /session/ddbc8bb2-b938-4784-a410-ba5584783cd3/window/maximize - {}
COMMAND: POST /session/ddbc8bb2-b938-4784-a410-ba5584783cd3/element - {"using":"xpath","value":"//h2[text()=\"Please login\"]"}
RESULT: {}
RESULT: {"using":"xpath","value":"//h2[text()=\"Please login\"]"}
COMMAND: POST /session/ddbc8bb2-b938-4784-a410-ba5584783cd3/elements - {"using":"xpath","value":"//h2[text()=\"Please login\"]"}
RESULT: {"using":"xpath","value":"//h2[text()=\"Please login\"]"}
COMMAND: POST /session/ddbc8bb2-b938-4784-a410-ba5584783cd3/elements - {"using":"xpath","value":"//h2[text()=\"Please login\"]"}
RESULT: {"using":"xpath","value":"//h2[text()=\"Please login\"]"}
COMMAND: POST /session/ddbc8bb2-b938-4784-a410-ba5584783cd3/element - {"using":"xpath","value":"//h2[text()=\"Please login\"]"}
RESULT: {"using":"xpath","value":"//h2[text()=\"Please login\"]"}
COMMAND: GET /session/ddbc8bb2-b938-4784-a410-ba5584783cd3/element/b1fb5b7f-becc-4f9e-9349-7bc958287aa4/text - {}
RESULT: {}
COMMAND: POST /session/ddbc8bb2-b938-4784-a410-ba5584783cd3/element - {"using":"css selector","value":"input[data-testid=\"input-login\"]"}
RESULT: {"using":"css selector","value":"input[data-testid=\"input-login\"]"}
COMMAND: GET /session/ddbc8bb2-b938-4784-a410-ba5584783cd3/element/bfce1aa2-d928-4aa8-a711-0acbd5fd423b/displayed - {}
RESULT: {}
COMMAND: POST /session/ddbc8bb2-b938-4784-a410-ba5584783cd3/element - {"using":"css selector","value":"input[data-testid=\"input-password\"]"}
RESULT: {"using":"css selector","value":"input[data-testid=\"input-password\"]"}
COMMAND: GET /session/ddbc8bb2-b938-4784-a410-ba5584783cd3/element/841c5f10-9e7d-4ff3-81ad-a6c86b687612/displayed - {}
RESULT: {}
COMMAND: POST /session/ddbc8bb2-b938-4784-a410-ba5584783cd3/element - {"using":"css selector","value":"button[data-testid=\"login-button\"]"}
RESULT: {"using":"css selector","value":"button[data-testid=\"login-button\"]"}
COMMAND: GET /session/ddbc8bb2-b938-4784-a410-ba5584783cd3/element/80356c57-726b-4133-9d7b-81d1ac30b315/displayed - {}
RESULT: {}
]]></system-out>
    </testcase>
    <testcase classname="firefox.111_0_1.windows.Introduction_to_WebdriverIO" name="Validates mandatory fields" time="0.311">
      <system-out><![CDATA[
COMMAND: POST /session/ddbc8bb2-b938-4784-a410-ba5584783cd3/window/maximize - {}
COMMAND: POST /session/ddbc8bb2-b938-4784-a410-ba5584783cd3/element - {"using":"css selector","value":"button[data-testid=\"login-button\"]"}
RESULT: {}
RESULT: {"using":"css selector","value":"button[data-testid=\"login-button\"]"}
COMMAND: GET /session/ddbc8bb2-b938-4784-a410-ba5584783cd3/element/80356c57-726b-4133-9d7b-81d1ac30b315/displayed - {}
RESULT: {}
COMMAND: POST /session/ddbc8bb2-b938-4784-a410-ba5584783cd3/element/80356c57-726b-4133-9d7b-81d1ac30b315/click - {}
RESULT: {}
COMMAND: POST /session/ddbc8bb2-b938-4784-a410-ba5584783cd3/element - {"using":"xpath","value":"//p[text()=\"Username is required\"]"}
RESULT: {"using":"xpath","value":"//p[text()=\"Username is required\"]"}
COMMAND: GET /session/ddbc8bb2-b938-4784-a410-ba5584783cd3/element/d65bc02c-3f94-4bc5-9d85-1a45c0f2ab68/text - {}
RESULT: {}
COMMAND: POST /session/ddbc8bb2-b938-4784-a410-ba5584783cd3/element - {"using":"xpath","value":"//p[text()=\"Password is required\"]"}
RESULT: {"using":"xpath","value":"//p[text()=\"Password is required\"]"}
COMMAND: GET /session/ddbc8bb2-b938-4784-a410-ba5584783cd3/element/eafa89e0-d847-46d1-b4e0-9ebaf0cbcda4/text - {}
RESULT: {}
]]></system-out>
    </testcase>
    <testcase classname="firefox.111_0_1.windows.Introduction_to_WebdriverIO" name="Entries the incorrect credentials" time="5.513">
      <system-out><![CDATA[
COMMAND: POST /session/ddbc8bb2-b938-4784-a410-ba5584783cd3/window/maximize - {}
COMMAND: POST /session/ddbc8bb2-b938-4784-a410-ba5584783cd3/element - {"using":"css selector","value":"input[data-testid=\"input-login\"]"}
RESULT: {}
RESULT: {"using":"css selector","value":"input[data-testid=\"input-login\"]"}
COMMAND: POST /session/ddbc8bb2-b938-4784-a410-ba5584783cd3/element/bfce1aa2-d928-4aa8-a711-0acbd5fd423b/clear - {}
RESULT: {}
COMMAND: POST /session/ddbc8bb2-b938-4784-a410-ba5584783cd3/element/bfce1aa2-d928-4aa8-a711-0acbd5fd423b/value - {"text":"invalidLogin"}
RESULT: {"text":"invalidLogin"}
COMMAND: POST /session/ddbc8bb2-b938-4784-a410-ba5584783cd3/element - {"using":"css selector","value":"input[data-testid=\"input-password\"]"}
RESULT: {"using":"css selector","value":"input[data-testid=\"input-password\"]"}
COMMAND: POST /session/ddbc8bb2-b938-4784-a410-ba5584783cd3/element/841c5f10-9e7d-4ff3-81ad-a6c86b687612/clear - {}
RESULT: {}
COMMAND: POST /session/ddbc8bb2-b938-4784-a410-ba5584783cd3/element/841c5f10-9e7d-4ff3-81ad-a6c86b687612/value - {"text":"invalidPassword"}
RESULT: {"text":"invalidPassword"}
COMMAND: POST /session/ddbc8bb2-b938-4784-a410-ba5584783cd3/element - {"using":"css selector","value":"button[data-testid=\"login-button\"]"}
RESULT: {"using":"css selector","value":"button[data-testid=\"login-button\"]"}
COMMAND: GET /session/ddbc8bb2-b938-4784-a410-ba5584783cd3/element/80356c57-726b-4133-9d7b-81d1ac30b315/displayed - {}
RESULT: {}
COMMAND: POST /session/ddbc8bb2-b938-4784-a410-ba5584783cd3/element/80356c57-726b-4133-9d7b-81d1ac30b315/click - {}
RESULT: {}
COMMAND: POST /session/ddbc8bb2-b938-4784-a410-ba5584783cd3/element - {"using":"css selector","value":"p[class=\"help-data\"]"}
RESULT: {"using":"css selector","value":"p[class=\"help-data\"]"}
COMMAND: POST /session/ddbc8bb2-b938-4784-a410-ba5584783cd3/element - {"using":"css selector","value":"p[class=\"help-data\"]"}
RESULT: {"using":"css selector","value":"p[class=\"help-data\"]"}
COMMAND: POST /session/ddbc8bb2-b938-4784-a410-ba5584783cd3/element - {"using":"css selector","value":"p[class=\"help-data\"]"}
RESULT: {"using":"css selector","value":"p[class=\"help-data\"]"}
COMMAND: POST /session/ddbc8bb2-b938-4784-a410-ba5584783cd3/element - {"using":"css selector","value":"p[class=\"help-data\"]"}
RESULT: {"using":"css selector","value":"p[class=\"help-data\"]"}
COMMAND: POST /session/ddbc8bb2-b938-4784-a410-ba5584783cd3/element - {"using":"css selector","value":"p[class=\"help-data\"]"}
RESULT: {"using":"css selector","value":"p[class=\"help-data\"]"}
COMMAND: POST /session/ddbc8bb2-b938-4784-a410-ba5584783cd3/element - {"using":"css selector","value":"p[class=\"help-data\"]"}
RESULT: {"using":"css selector","value":"p[class=\"help-data\"]"}
COMMAND: POST /session/ddbc8bb2-b938-4784-a410-ba5584783cd3/element - {"using":"css selector","value":"p[class=\"help-data\"]"}
RESULT: {"using":"css selector","value":"p[class=\"help-data\"]"}
COMMAND: POST /session/ddbc8bb2-b938-4784-a410-ba5584783cd3/element - {"using":"css selector","value":"p[class=\"help-data\"]"}
RESULT: {"using":"css selector","value":"p[class=\"help-data\"]"}
COMMAND: POST /session/ddbc8bb2-b938-4784-a410-ba5584783cd3/element - {"using":"css selector","value":"p[class=\"help-data\"]"}
RESULT: {"using":"css selector","value":"p[class=\"help-data\"]"}
COMMAND: POST /session/ddbc8bb2-b938-4784-a410-ba5584783cd3/element - {"using":"css selector","value":"p[class=\"help-data\"]"}
RESULT: {"using":"css selector","value":"p[class=\"help-data\"]"}
COMMAND: POST /session/ddbc8bb2-b938-4784-a410-ba5584783cd3/element - {"using":"css selector","value":"p[class=\"help-data\"]"}
RESULT: {"using":"css selector","value":"p[class=\"help-data\"]"}
COMMAND: POST /session/ddbc8bb2-b938-4784-a410-ba5584783cd3/element - {"using":"css selector","value":"p[class=\"help-data\"]"}
RESULT: {"using":"css selector","value":"p[class=\"help-data\"]"}
COMMAND: GET /session/ddbc8bb2-b938-4784-a410-ba5584783cd3/element/69b4ecb7-7e7c-4ba6-944c-b37540ac294d/displayed - {}
RESULT: {}
COMMAND: POST /session/ddbc8bb2-b938-4784-a410-ba5584783cd3/element - {"using":"css selector","value":"p[class=\"help-data\"]"}
RESULT: {"using":"css selector","value":"p[class=\"help-data\"]"}
COMMAND: GET /session/ddbc8bb2-b938-4784-a410-ba5584783cd3/element/69b4ecb7-7e7c-4ba6-944c-b37540ac294d/text - {}
RESULT: {}
]]></system-out>
    </testcase>
    <testcase classname="firefox.111_0_1.windows.Introduction_to_WebdriverIO" name="Logs in to Admin UI" time="0.933">
      <system-out><![CDATA[
COMMAND: POST /session/ddbc8bb2-b938-4784-a410-ba5584783cd3/window/maximize - {}
COMMAND: POST /session/ddbc8bb2-b938-4784-a410-ba5584783cd3/element - {"using":"css selector","value":"input[data-testid=\"input-login\"]"}
RESULT: {}
RESULT: {"using":"css selector","value":"input[data-testid=\"input-login\"]"}
COMMAND: POST /session/ddbc8bb2-b938-4784-a410-ba5584783cd3/element/bfce1aa2-d928-4aa8-a711-0acbd5fd423b/clear - {}
RESULT: {}
COMMAND: POST /session/ddbc8bb2-b938-4784-a410-ba5584783cd3/element/bfce1aa2-d928-4aa8-a711-0acbd5fd423b/value - {"text":"scherbv"}
RESULT: {"text":"scherbv"}
COMMAND: POST /session/ddbc8bb2-b938-4784-a410-ba5584783cd3/element - {"using":"css selector","value":"input[data-testid=\"input-password\"]"}
RESULT: {"using":"css selector","value":"input[data-testid=\"input-password\"]"}
COMMAND: POST /session/ddbc8bb2-b938-4784-a410-ba5584783cd3/element/841c5f10-9e7d-4ff3-81ad-a6c86b687612/clear - {}
RESULT: {}
COMMAND: POST /session/ddbc8bb2-b938-4784-a410-ba5584783cd3/element/841c5f10-9e7d-4ff3-81ad-a6c86b687612/value - {"text":"D1l9b2v01Wqwer"}
RESULT: {"text":"D1l9b2v01Wqwer"}
COMMAND: POST /session/ddbc8bb2-b938-4784-a410-ba5584783cd3/element - {"using":"css selector","value":"button[data-testid=\"login-button\"]"}
RESULT: {"using":"css selector","value":"button[data-testid=\"login-button\"]"}
COMMAND: GET /session/ddbc8bb2-b938-4784-a410-ba5584783cd3/element/80356c57-726b-4133-9d7b-81d1ac30b315/displayed - {}
RESULT: {}
COMMAND: POST /session/ddbc8bb2-b938-4784-a410-ba5584783cd3/element/80356c57-726b-4133-9d7b-81d1ac30b315/click - {}
RESULT: {}
COMMAND: POST /session/ddbc8bb2-b938-4784-a410-ba5584783cd3/element - {"using":"xpath","value":"//h1[contains(text(), \"Users List\")]"}
RESULT: {"using":"xpath","value":"//h1[contains(text(), \"Users List\")]"}
COMMAND: POST /session/ddbc8bb2-b938-4784-a410-ba5584783cd3/element - {"using":"xpath","value":"//h1[contains(text(), \"Users List\")]"}
RESULT: {"using":"xpath","value":"//h1[contains(text(), \"Users List\")]"}
COMMAND: POST /session/ddbc8bb2-b938-4784-a410-ba5584783cd3/element - {"using":"xpath","value":"//h1[contains(text(), \"Users List\")]"}
RESULT: {"using":"xpath","value":"//h1[contains(text(), \"Users List\")]"}
COMMAND: GET /session/ddbc8bb2-b938-4784-a410-ba5584783cd3/element/a37ec1d2-8ffc-4801-a2e5-6b8115380aa1/displayed - {}
RESULT: {}
COMMAND: POST /session/ddbc8bb2-b938-4784-a410-ba5584783cd3/element - {"using":"xpath","value":"//h1[contains(text(), \"Users List\")]"}
RESULT: {"using":"xpath","value":"//h1[contains(text(), \"Users List\")]"}
COMMAND: GET /session/ddbc8bb2-b938-4784-a410-ba5584783cd3/element/a37ec1d2-8ffc-4801-a2e5-6b8115380aa1/displayed - {}
RESULT: {}
]]></system-out>
    </testcase>
    <testcase classname="firefox.111_0_1.windows.Introduction_to_WebdriverIO" name="Logs out from Admin UI" time="0.338">
      <system-out><![CDATA[
COMMAND: POST /session/ddbc8bb2-b938-4784-a410-ba5584783cd3/window/maximize - {}
COMMAND: POST /session/ddbc8bb2-b938-4784-a410-ba5584783cd3/element - {"using":"xpath","value":"//a[@href=\"/Login\"]"}
RESULT: {}
RESULT: {"using":"xpath","value":"//a[@href=\"/Login\"]"}
COMMAND: GET /session/ddbc8bb2-b938-4784-a410-ba5584783cd3/element/9e92c7a2-6cfc-4127-819c-31f8c1c4084c/displayed - {}
RESULT: {}
COMMAND: POST /session/ddbc8bb2-b938-4784-a410-ba5584783cd3/element/9e92c7a2-6cfc-4127-819c-31f8c1c4084c/click - {}
RESULT: {}
COMMAND: POST /session/ddbc8bb2-b938-4784-a410-ba5584783cd3/element - {"using":"css selector","value":".login-form__wrapper"}
RESULT: {"using":"css selector","value":".login-form__wrapper"}
COMMAND: GET /session/ddbc8bb2-b938-4784-a410-ba5584783cd3/element/cd6ac17e-6a41-4967-a7bc-fa5fb55bf72c/displayed - {}
RESULT: {}
COMMAND: POST /session/ddbc8bb2-b938-4784-a410-ba5584783cd3/element - {"using":"css selector","value":".login-form__wrapper"}
RESULT: {"using":"css selector","value":".login-form__wrapper"}
COMMAND: GET /session/ddbc8bb2-b938-4784-a410-ba5584783cd3/element/cd6ac17e-6a41-4967-a7bc-fa5fb55bf72c/displayed - {}
RESULT: {}
COMMAND: POST /session/ddbc8bb2-b938-4784-a410-ba5584783cd3/element - {"using":"css selector","value":"input[data-testid=\"input-login\"]"}
RESULT: {"using":"css selector","value":"input[data-testid=\"input-login\"]"}
COMMAND: POST /session/ddbc8bb2-b938-4784-a410-ba5584783cd3/element/719e524f-b672-4620-b288-76c79cefc631/clear - {}
RESULT: {}
COMMAND: POST /session/ddbc8bb2-b938-4784-a410-ba5584783cd3/element/719e524f-b672-4620-b288-76c79cefc631/value - {"text":"scherbv"}
RESULT: {"text":"scherbv"}
COMMAND: POST /session/ddbc8bb2-b938-4784-a410-ba5584783cd3/element - {"using":"css selector","value":"input[data-testid=\"input-password\"]"}
RESULT: {"using":"css selector","value":"input[data-testid=\"input-password\"]"}
COMMAND: POST /session/ddbc8bb2-b938-4784-a410-ba5584783cd3/element/5407fce9-10f2-4c5f-8d14-db3389f7b6b0/clear - {}
RESULT: {}
COMMAND: POST /session/ddbc8bb2-b938-4784-a410-ba5584783cd3/element/5407fce9-10f2-4c5f-8d14-db3389f7b6b0/value - {"text":"D1l9b2v01Wqwer"}
RESULT: {"text":"D1l9b2v01Wqwer"}
COMMAND: POST /session/ddbc8bb2-b938-4784-a410-ba5584783cd3/element - {"using":"css selector","value":"button[data-testid=\"login-button\"]"}
RESULT: {"using":"css selector","value":"button[data-testid=\"login-button\"]"}
COMMAND: GET /session/ddbc8bb2-b938-4784-a410-ba5584783cd3/element/a6ba00f2-4341-44f4-9a20-d47b43748348/displayed - {}
RESULT: {}
COMMAND: POST /session/ddbc8bb2-b938-4784-a410-ba5584783cd3/element/a6ba00f2-4341-44f4-9a20-d47b43748348/click - {}
RESULT: {}
]]></system-out>
    </testcase>
  </testsuite>
  <testsuite name="Basic commands" timestamp="2023-04-04T14:59:01" time="9.428" tests="4" failures="0" errors="0" skipped="0">
    <properties>
      <property name="specId" value="0"/>
      <property name="suiteName" value="Basic commands"/>
      <property name="capabilities" value="firefox.111_0_1.windows"/>
      <property name="file" value="file:///C:/Users/Vadim_Scherbakov/JS/automation-js-basic/automation-js-basic-ui/automation-js-basic/src/test/specs/test.spec.js"/>
    </properties>
    <testcase classname="firefox.111_0_1.windows.Basic_commands" name="Existing questions are displayed on the Question Library page" time="4.127">
      <system-out><![CDATA[
COMMAND: POST /session/ddbc8bb2-b938-4784-a410-ba5584783cd3/window/maximize - {}
COMMAND: POST /session/ddbc8bb2-b938-4784-a410-ba5584783cd3/element - {"using":"xpath","value":"//a[@href=\"/QuestionLibrary\"]"}
RESULT: {}
RESULT: {"using":"xpath","value":"//a[@href=\"/QuestionLibrary\"]"}
COMMAND: POST /session/ddbc8bb2-b938-4784-a410-ba5584783cd3/elements - {"using":"xpath","value":"//a[@href=\"/QuestionLibrary\"]"}
RESULT: {"using":"xpath","value":"//a[@href=\"/QuestionLibrary\"]"}
COMMAND: POST /session/ddbc8bb2-b938-4784-a410-ba5584783cd3/elements - {"using":"xpath","value":"//a[@href=\"/QuestionLibrary\"]"}
RESULT: {"using":"xpath","value":"//a[@href=\"/QuestionLibrary\"]"}
COMMAND: POST /session/ddbc8bb2-b938-4784-a410-ba5584783cd3/element - {"using":"xpath","value":"//a[@href=\"/QuestionLibrary\"]"}
RESULT: {"using":"xpath","value":"//a[@href=\"/QuestionLibrary\"]"}
COMMAND: GET /session/ddbc8bb2-b938-4784-a410-ba5584783cd3/element/ee24b4d8-9e3a-4bcb-95b2-774cca30e7df/displayed - {}
RESULT: {}
COMMAND: POST /session/ddbc8bb2-b938-4784-a410-ba5584783cd3/element/ee24b4d8-9e3a-4bcb-95b2-774cca30e7df/click - {}
RESULT: {}
COMMAND: POST /session/ddbc8bb2-b938-4784-a410-ba5584783cd3/element - {"using":"css selector","value":".questions-table"}
RESULT: {"using":"css selector","value":".questions-table"}
COMMAND: POST /session/ddbc8bb2-b938-4784-a410-ba5584783cd3/element - {"using":"css selector","value":".questions-table"}
RESULT: {"using":"css selector","value":".questions-table"}
COMMAND: POST /session/ddbc8bb2-b938-4784-a410-ba5584783cd3/element - {"using":"css selector","value":".questions-table"}
RESULT: {"using":"css selector","value":".questions-table"}
COMMAND: POST /session/ddbc8bb2-b938-4784-a410-ba5584783cd3/element - {"using":"css selector","value":".questions-table"}
RESULT: {"using":"css selector","value":".questions-table"}
COMMAND: POST /session/ddbc8bb2-b938-4784-a410-ba5584783cd3/element - {"using":"css selector","value":".questions-table"}
RESULT: {"using":"css selector","value":".questions-table"}
COMMAND: POST /session/ddbc8bb2-b938-4784-a410-ba5584783cd3/element - {"using":"css selector","value":".questions-table"}
RESULT: {"using":"css selector","value":".questions-table"}
COMMAND: POST /session/ddbc8bb2-b938-4784-a410-ba5584783cd3/element - {"using":"css selector","value":".questions-table"}
RESULT: {"using":"css selector","value":".questions-table"}
COMMAND: POST /session/ddbc8bb2-b938-4784-a410-ba5584783cd3/element - {"using":"css selector","value":".questions-table"}
RESULT: {"using":"css selector","value":".questions-table"}
COMMAND: GET /session/ddbc8bb2-b938-4784-a410-ba5584783cd3/element/b47a79b1-b049-4e3a-a8ae-e32a597669df/displayed - {}
RESULT: {}
COMMAND: POST /session/ddbc8bb2-b938-4784-a410-ba5584783cd3/elements - {"using":"xpath","value":"//tbody/tr"}
RESULT: {"using":"xpath","value":"//tbody/tr"}
]]></system-out>
    </testcase>
    <testcase classname="firefox.111_0_1.windows.Basic_commands" name="Validates Add New Question pop up is opened" time="0.564">
      <system-out><![CDATA[
COMMAND: POST /session/ddbc8bb2-b938-4784-a410-ba5584783cd3/window/maximize - {}
COMMAND: POST /session/ddbc8bb2-b938-4784-a410-ba5584783cd3/element - {"using":"xpath","value":"//button[text()=\"Add New Question\"]"}
RESULT: {}
RESULT: {"using":"xpath","value":"//button[text()=\"Add New Question\"]"}
COMMAND: GET /session/ddbc8bb2-b938-4784-a410-ba5584783cd3/element/c6f25777-2cec-4ddc-8e7b-d51016bd7e39/displayed - {}
RESULT: {}
COMMAND: POST /session/ddbc8bb2-b938-4784-a410-ba5584783cd3/element/c6f25777-2cec-4ddc-8e7b-d51016bd7e39/click - {}
RESULT: {}
COMMAND: POST /session/ddbc8bb2-b938-4784-a410-ba5584783cd3/element - {"using":"css selector","value":".add-new-question"}
RESULT: {"using":"css selector","value":".add-new-question"}
COMMAND: GET /session/ddbc8bb2-b938-4784-a410-ba5584783cd3/element/b83c2b12-78c8-45bd-874d-acba6cfded36/displayed - {}
RESULT: {}
COMMAND: POST /session/ddbc8bb2-b938-4784-a410-ba5584783cd3/element - {"using":"css selector","value":".add-new-question"}
RESULT: {"using":"css selector","value":".add-new-question"}
COMMAND: GET /session/ddbc8bb2-b938-4784-a410-ba5584783cd3/element/b83c2b12-78c8-45bd-874d-acba6cfded36/displayed - {}
RESULT: {}
]]></system-out>
    </testcase>
    <testcase classname="firefox.111_0_1.windows.Basic_commands" name="Save button is disabled in Add New Question pop up" time="0.053">
      <system-out><![CDATA[
COMMAND: POST /session/ddbc8bb2-b938-4784-a410-ba5584783cd3/window/maximize - {}
COMMAND: POST /session/ddbc8bb2-b938-4784-a410-ba5584783cd3/element - {"using":"xpath","value":"//button[text()=\"Cancel\"]/following-sibling::button"}
RESULT: {}
RESULT: {"using":"xpath","value":"//button[text()=\"Cancel\"]/following-sibling::button"}
COMMAND: GET /session/ddbc8bb2-b938-4784-a410-ba5584783cd3/element/0860fa8f-0da3-4d23-8daf-e8904be7f799/enabled - {}
RESULT: {}
]]></system-out>
    </testcase>
    <testcase classname="firefox.111_0_1.windows.Basic_commands" name="Changes are not saved after closing Add New Question pop up" time="2.344">
      <system-out><![CDATA[
COMMAND: POST /session/ddbc8bb2-b938-4784-a410-ba5584783cd3/window/maximize - {}
COMMAND: POST /session/ddbc8bb2-b938-4784-a410-ba5584783cd3/element - {"using":"css selector","value":"div[data-testid=\"questionText\"]"}
RESULT: {}
RESULT: {"using":"css selector","value":"div[data-testid=\"questionText\"]"}
COMMAND: GET /session/ddbc8bb2-b938-4784-a410-ba5584783cd3/element/97c1bd51-4661-4825-8682-1506c90da2ad/displayed - {}
RESULT: {}
COMMAND: POST /session/ddbc8bb2-b938-4784-a410-ba5584783cd3/element/97c1bd51-4661-4825-8682-1506c90da2ad/click - {}
RESULT: {}
COMMAND: POST /session/ddbc8bb2-b938-4784-a410-ba5584783cd3/actions - {"actions":[{"id":"action1","type":"key","parameters":{},"actions":[{"type":"keyDown","value":"T"},{"type":"keyDown","value":"e"},{"type":"keyDown","value":"s"},{"type":"keyDown","value":"t"},{"type":"keyDown","value":" "},{"type":"keyDown","value":"q"},{"type":"keyDown","value":"u"},{"type":"keyDown","value":"e"},{"type":"keyDown","value":"s"},{"type":"keyDown","value":"t"},"(37 more items)"]}]}
RESULT: {"actions":[{"id":"action1","type":"key","parameters":{},"actions":[{"type":"keyDown","value":"T"},{"type":"keyDown","value":"e"},{"type":"keyDown","value":"s"},{"type":"keyDown","value":"t"},{"type":"keyDown","value":" "},{"type":"keyDown","value":"q"},{"type":"keyDown","value":"u"},{"type":"keyDown","value":"e"},{"type":"keyDown","value":"s"},{"type":"keyDown","value":"t"},"(37 more items)"]}]}
COMMAND: DELETE /session/ddbc8bb2-b938-4784-a410-ba5584783cd3/actions - {}
RESULT: {}
COMMAND: POST /session/ddbc8bb2-b938-4784-a410-ba5584783cd3/element - {"using":"css selector","value":"[data-testid=\"add-question-alias\"]"}
RESULT: {"using":"css selector","value":"[data-testid=\"add-question-alias\"]"}
COMMAND: POST /session/ddbc8bb2-b938-4784-a410-ba5584783cd3/element/91d3ff01-2a6e-417d-b745-4c8a0334e541/clear - {}
RESULT: {}
COMMAND: POST /session/ddbc8bb2-b938-4784-a410-ba5584783cd3/element/91d3ff01-2a6e-417d-b745-4c8a0334e541/value - {"text":"Test question alias"}
RESULT: {"text":"Test question alias"}
COMMAND: POST /session/ddbc8bb2-b938-4784-a410-ba5584783cd3/element - {"using":"css selector","value":"[data-testid=\"add-question-short-name\"]"}
RESULT: {"using":"css selector","value":"[data-testid=\"add-question-short-name\"]"}
COMMAND: POST /session/ddbc8bb2-b938-4784-a410-ba5584783cd3/element/d8bec1a4-6f59-49d4-af6e-4d63f84ed4eb/clear - {}
RESULT: {}
COMMAND: POST /session/ddbc8bb2-b938-4784-a410-ba5584783cd3/element/d8bec1a4-6f59-49d4-af6e-4d63f84ed4eb/value - {"text":"Test question shortname"}
RESULT: {"text":"Test question shortname"}
COMMAND: POST /session/ddbc8bb2-b938-4784-a410-ba5584783cd3/element - {"using":"css selector","value":"input[name=\"question-keywords\"]"}
RESULT: {"using":"css selector","value":"input[name=\"question-keywords\"]"}
COMMAND: POST /session/ddbc8bb2-b938-4784-a410-ba5584783cd3/element/655de081-c5f0-4b03-a539-e2af02759f34/clear - {}
RESULT: {}
COMMAND: POST /session/ddbc8bb2-b938-4784-a410-ba5584783cd3/element/655de081-c5f0-4b03-a539-e2af02759f34/value - {"text":"Test question keywords"}
RESULT: {"text":"Test question keywords"}
COMMAND: POST /session/ddbc8bb2-b938-4784-a410-ba5584783cd3/element - {"using":"xpath","value":"//button[text()=\"Cancel\"]"}
RESULT: {"using":"xpath","value":"//button[text()=\"Cancel\"]"}
COMMAND: GET /session/ddbc8bb2-b938-4784-a410-ba5584783cd3/element/c066d63e-0c28-492b-b886-373c39635ea9/displayed - {}
RESULT: {}
COMMAND: POST /session/ddbc8bb2-b938-4784-a410-ba5584783cd3/element/c066d63e-0c28-492b-b886-373c39635ea9/click - {}
RESULT: {}
COMMAND: POST /session/ddbc8bb2-b938-4784-a410-ba5584783cd3/element - {"using":"xpath","value":"//button[text()=\"Add New Question\"]"}
RESULT: {"using":"xpath","value":"//button[text()=\"Add New Question\"]"}
COMMAND: GET /session/ddbc8bb2-b938-4784-a410-ba5584783cd3/element/c6f25777-2cec-4ddc-8e7b-d51016bd7e39/displayed - {}
RESULT: {}
COMMAND: POST /session/ddbc8bb2-b938-4784-a410-ba5584783cd3/element/c6f25777-2cec-4ddc-8e7b-d51016bd7e39/click - {}
RESULT: {}
COMMAND: POST /session/ddbc8bb2-b938-4784-a410-ba5584783cd3/element - {"using":"css selector","value":"div[data-testid=\"questionText\"]"}
RESULT: {"using":"css selector","value":"div[data-testid=\"questionText\"]"}
COMMAND: GET /session/ddbc8bb2-b938-4784-a410-ba5584783cd3/element/98f85efc-d4eb-4a50-9135-2489707e531b/text - {}
RESULT: {}
COMMAND: POST /session/ddbc8bb2-b938-4784-a410-ba5584783cd3/element - {"using":"css selector","value":"[data-testid=\"add-question-alias\"]"}
RESULT: {"using":"css selector","value":"[data-testid=\"add-question-alias\"]"}
COMMAND: GET /session/ddbc8bb2-b938-4784-a410-ba5584783cd3/element/9ceb4486-3d4c-4d18-8bc8-9c3f3e4d46cb/property/value - {}
RESULT: {}
COMMAND: POST /session/ddbc8bb2-b938-4784-a410-ba5584783cd3/element - {"using":"css selector","value":"[data-testid=\"add-question-short-name\"]"}
RESULT: {"using":"css selector","value":"[data-testid=\"add-question-short-name\"]"}
COMMAND: GET /session/ddbc8bb2-b938-4784-a410-ba5584783cd3/element/bcc883c0-b898-4e6e-b91d-7ad94706f418/property/value - {}
RESULT: {}
COMMAND: POST /session/ddbc8bb2-b938-4784-a410-ba5584783cd3/element - {"using":"css selector","value":"input[name=\"question-keywords\"]"}
RESULT: {"using":"css selector","value":"input[name=\"question-keywords\"]"}
COMMAND: GET /session/ddbc8bb2-b938-4784-a410-ba5584783cd3/element/8cfff15c-f6f0-4de2-b430-7fad3bd6512b/property/value - {}
RESULT: {}
COMMAND: POST /session/ddbc8bb2-b938-4784-a410-ba5584783cd3/refresh - {}
RESULT: {}
]]></system-out>
    </testcase>
  </testsuite>
  <testsuite name="Advanced commands" timestamp="2023-04-04T14:59:10" time="5.807" tests="3" failures="0" errors="0" skipped="0">
    <properties>
      <property name="specId" value="0"/>
      <property name="suiteName" value="Advanced commands"/>
      <property name="capabilities" value="firefox.111_0_1.windows"/>
      <property name="file" value="file:///C:/Users/Vadim_Scherbakov/JS/automation-js-basic/automation-js-basic-ui/automation-js-basic/src/test/specs/test.spec.js"/>
    </properties>
    <testcase classname="firefox.111_0_1.windows.Advanced_commands" name="Load spinner disappears after questions are loaded" time="4.601">
      <system-out><![CDATA[
COMMAND: POST /session/ddbc8bb2-b938-4784-a410-ba5584783cd3/window/maximize - {}
COMMAND: POST /session/ddbc8bb2-b938-4784-a410-ba5584783cd3/element - {"using":"xpath","value":"//a[@href=\"/UserList\"]"}
RESULT: {}
RESULT: {"using":"xpath","value":"//a[@href=\"/UserList\"]"}
COMMAND: POST /session/ddbc8bb2-b938-4784-a410-ba5584783cd3/elements - {"using":"xpath","value":"//a[@href=\"/UserList\"]"}
RESULT: {"using":"xpath","value":"//a[@href=\"/UserList\"]"}
COMMAND: POST /session/ddbc8bb2-b938-4784-a410-ba5584783cd3/elements - {"using":"xpath","value":"//a[@href=\"/UserList\"]"}
RESULT: {"using":"xpath","value":"//a[@href=\"/UserList\"]"}
COMMAND: POST /session/ddbc8bb2-b938-4784-a410-ba5584783cd3/element - {"using":"xpath","value":"//a[@href=\"/UserList\"]"}
RESULT: {"using":"xpath","value":"//a[@href=\"/UserList\"]"}
COMMAND: GET /session/ddbc8bb2-b938-4784-a410-ba5584783cd3/element/24226a9a-1f0e-44a3-b3ac-f47de2dcf149/displayed - {}
RESULT: {}
COMMAND: POST /session/ddbc8bb2-b938-4784-a410-ba5584783cd3/element/24226a9a-1f0e-44a3-b3ac-f47de2dcf149/click - {}
RESULT: {}
COMMAND: POST /session/ddbc8bb2-b938-4784-a410-ba5584783cd3/element - {"using":"xpath","value":"//a[@href=\"/QuestionLibrary\"]"}
RESULT: {"using":"xpath","value":"//a[@href=\"/QuestionLibrary\"]"}
COMMAND: GET /session/ddbc8bb2-b938-4784-a410-ba5584783cd3/element/b6bb5e0f-6bae-4e18-8866-98aa7e3473a4/displayed - {}
RESULT: {}
COMMAND: POST /session/ddbc8bb2-b938-4784-a410-ba5584783cd3/element/b6bb5e0f-6bae-4e18-8866-98aa7e3473a4/click - {}
RESULT: {}
COMMAND: POST /session/ddbc8bb2-b938-4784-a410-ba5584783cd3/element - {"using":"css selector","value":".table-spinner"}
RESULT: {"using":"css selector","value":".table-spinner"}
COMMAND: GET /session/ddbc8bb2-b938-4784-a410-ba5584783cd3/element/54323e7f-cc86-488a-b0b1-22da140b2b98/displayed - {}
RESULT: {}
COMMAND: GET /session/ddbc8bb2-b938-4784-a410-ba5584783cd3/element/54323e7f-cc86-488a-b0b1-22da140b2b98/displayed - {}
RESULT: {}
COMMAND: GET /session/ddbc8bb2-b938-4784-a410-ba5584783cd3/element/54323e7f-cc86-488a-b0b1-22da140b2b98/displayed - {}
RESULT: {}
COMMAND: GET /session/ddbc8bb2-b938-4784-a410-ba5584783cd3/element/54323e7f-cc86-488a-b0b1-22da140b2b98/displayed - {}
RESULT: {}
COMMAND: GET /session/ddbc8bb2-b938-4784-a410-ba5584783cd3/element/54323e7f-cc86-488a-b0b1-22da140b2b98/displayed - {}
RESULT: {}
COMMAND: GET /session/ddbc8bb2-b938-4784-a410-ba5584783cd3/element/54323e7f-cc86-488a-b0b1-22da140b2b98/displayed - {}
RESULT: {}
COMMAND: GET /session/ddbc8bb2-b938-4784-a410-ba5584783cd3/element/54323e7f-cc86-488a-b0b1-22da140b2b98/displayed - {}
RESULT: {}
COMMAND: GET /session/ddbc8bb2-b938-4784-a410-ba5584783cd3/element/54323e7f-cc86-488a-b0b1-22da140b2b98/displayed - {}
COMMAND: POST /session/ddbc8bb2-b938-4784-a410-ba5584783cd3/element - {"using":"css selector","value":".table-spinner"}
RESULT: {"using":"css selector","value":".table-spinner"}
COMMAND: GET /session/ddbc8bb2-b938-4784-a410-ba5584783cd3/element/54323e7f-cc86-488a-b0b1-22da140b2b98/displayed - {}
COMMAND: POST /session/ddbc8bb2-b938-4784-a410-ba5584783cd3/element - {"using":"css selector","value":".table-spinner"}
RESULT: {"using":"css selector","value":".table-spinner"}
COMMAND: POST /session/ddbc8bb2-b938-4784-a410-ba5584783cd3/elements - {"using":"xpath","value":"//tbody/tr"}
RESULT: {"using":"xpath","value":"//tbody/tr"}
]]></system-out>
    </testcase>
    <testcase classname="firefox.111_0_1.windows.Advanced_commands" name="Search button becomes gray" time="1.178">
      <system-out><![CDATA[
COMMAND: POST /session/ddbc8bb2-b938-4784-a410-ba5584783cd3/window/maximize - {}
COMMAND: POST /session/ddbc8bb2-b938-4784-a410-ba5584783cd3/element - {"using":"css selector","value":".admin-btn-search"}
RESULT: {}
RESULT: {"using":"css selector","value":".admin-btn-search"}
COMMAND: GET /session/ddbc8bb2-b938-4784-a410-ba5584783cd3/element/1d69e61c-a427-4c81-be05-bca35bde8c2e/rect - {}
RESULT: {}
COMMAND: POST /session/ddbc8bb2-b938-4784-a410-ba5584783cd3/execute/sync - {"script":"return (function () {\n        return { scrollX: this.pageXOffset, scrollY: this.pageYOffset };\n    }).apply(null, arguments)","args":[]}
RESULT: {"script":"return (function () {\n        return { scrollX: this.pageXOffset, scrollY: this.pageYOffset };\n    }).apply(null, arguments)","args":[]}
COMMAND: POST /session/ddbc8bb2-b938-4784-a410-ba5584783cd3/actions - {"actions":[{"id":"action2","type":"pointer","parameters":{"pointerType":"mouse"},"actions":[{"type":"pointerMove","button":0,"width":0,"height":0,"pressure":0,"tangentialPressure":0,"tiltX":0,"tiltY":0,"twist":0,"altitudeAngle":0,"_":"5 more keys: [\"azimuthAngle\",\"x\",\"y\",\"duration\",\"origin\"]"}]}]}
RESULT: {"actions":[{"id":"action2","type":"pointer","parameters":{"pointerType":"mouse"},"actions":[{"type":"pointerMove","button":0,"width":0,"height":0,"pressure":0,"tangentialPressure":0,"tiltX":0,"tiltY":0,"twist":0,"altitudeAngle":0,"_":"5 more keys: [\"azimuthAngle\",\"x\",\"y\",\"duration\",\"origin\"]"}]}]}
COMMAND: DELETE /session/ddbc8bb2-b938-4784-a410-ba5584783cd3/actions - {}
RESULT: {}
COMMAND: POST /session/ddbc8bb2-b938-4784-a410-ba5584783cd3/element - {"using":"css selector","value":".admin-btn-search"}
RESULT: {"using":"css selector","value":".admin-btn-search"}
COMMAND: GET /session/ddbc8bb2-b938-4784-a410-ba5584783cd3/element/1d69e61c-a427-4c81-be05-bca35bde8c2e/css/background-color - {}
RESULT: {}
]]></system-out>
    </testcase>
    <testcase classname="firefox.111_0_1.windows.Advanced_commands" name="Validates user name in navigation bar" time="0.021">
      <system-out><![CDATA[
COMMAND: POST /session/ddbc8bb2-b938-4784-a410-ba5584783cd3/window/maximize - {}
COMMAND: POST /session/ddbc8bb2-b938-4784-a410-ba5584783cd3/element - {"using":"css selector","value":"li[title=\"Vadim Scherbakov\"]"}
RESULT: {}
RESULT: {"using":"css selector","value":"li[title=\"Vadim Scherbakov\"]"}
COMMAND: POST /session/ddbc8bb2-b938-4784-a410-ba5584783cd3/execute/sync - {"script":"return ((userName) => {\n      return userName.textContent;\n    }).apply(null, arguments)","args":[{"element-6066-11e4-a52e-4f735466cecf":"879754d2-7065-4b28-9e1b-d7a67cb8faf3","ELEMENT":"879754d2-7065-4b28-9e1b-d7a67cb8faf3"}]}
RESULT: {"script":"return ((userName) => {\n      return userName.textContent;\n    }).apply(null, arguments)","args":[{"element-6066-11e4-a52e-4f735466cecf":"879754d2-7065-4b28-9e1b-d7a67cb8faf3","ELEMENT":"879754d2-7065-4b28-9e1b-d7a67cb8faf3"}]}
COMMAND: DELETE /session/ddbc8bb2-b938-4784-a410-ba5584783cd3 - {}
RESULT: {}
]]></system-out>
    </testcase>
  </testsuite>
</testsuites>