<?xml version="1.0" encoding="UTF-8"?>
<testsuites>
  <testsuite name="Introduction to WebdriverIO" timestamp="2023-04-04T14:58:47" time="11.214" tests="5" failures="0" errors="0" skipped="0">
    <properties>
      <property name="specId" value="0"/>
      <property name="suiteName" value="Introduction to WebdriverIO"/>
      <property name="capabilities" value="chrome.111_0_5563_147.windows"/>
      <property name="file" value="file:///C:/Users/Vadim_Scherbakov/JS/automation-js-basic/automation-js-basic-ui/automation-js-basic/src/test/specs/test.spec.js"/>
    </properties>
    <testcase classname="chrome.111_0_5563_147.windows.Introduction_to_WebdriverIO" name="Opens Login Page and ensures login controls presence" time="0.767">
      <system-out><![CDATA[
COMMAND: POST /session/0458482bac67d9303a4376118d09d61f/window/maximize - {}
COMMAND: POST /session/0458482bac67d9303a4376118d09d61f/element - {"using":"xpath","value":"//h2[text()=\"Please login\"]"}
RESULT: {}
RESULT: {"using":"xpath","value":"//h2[text()=\"Please login\"]"}
COMMAND: POST /session/0458482bac67d9303a4376118d09d61f/elements - {"using":"xpath","value":"//h2[text()=\"Please login\"]"}
RESULT: {"using":"xpath","value":"//h2[text()=\"Please login\"]"}
COMMAND: POST /session/0458482bac67d9303a4376118d09d61f/elements - {"using":"xpath","value":"//h2[text()=\"Please login\"]"}
RESULT: {"using":"xpath","value":"//h2[text()=\"Please login\"]"}
COMMAND: POST /session/0458482bac67d9303a4376118d09d61f/element - {"using":"xpath","value":"//h2[text()=\"Please login\"]"}
RESULT: {"using":"xpath","value":"//h2[text()=\"Please login\"]"}
COMMAND: GET /session/0458482bac67d9303a4376118d09d61f/element/3e107cac-5e29-40ef-a95b-8731db516c2b/text - {}
RESULT: {}
COMMAND: POST /session/0458482bac67d9303a4376118d09d61f/element - {"using":"css selector","value":"input[data-testid=\"input-login\"]"}
RESULT: {"using":"css selector","value":"input[data-testid=\"input-login\"]"}
COMMAND: POST /session/0458482bac67d9303a4376118d09d61f/execute/sync - {"script":"return (function isElementDisplayed(element) {\n    function nodeIsElement(node) {\n        if (!node) {\n            return false;\n        }\n        switch (node.nodeType) {\n            case Node.ELEMEN ... (7807 more bytes)","args":[{"element-6066-11e4-a52e-4f735466cecf":"0ddc17c4-dd1b-4715-988d-95abf4867693","ELEMENT":"0ddc17c4-dd1b-4715-988d-95abf4867693"}]}
RESULT: {"script":"return (function isElementDisplayed(element) {\n    function nodeIsElement(node) {\n        if (!node) {\n            return false;\n        }\n        switch (node.nodeType) {\n            case Node.ELEMEN ... (7807 more bytes)","args":[{"element-6066-11e4-a52e-4f735466cecf":"0ddc17c4-dd1b-4715-988d-95abf4867693","ELEMENT":"0ddc17c4-dd1b-4715-988d-95abf4867693"}]}
COMMAND: POST /session/0458482bac67d9303a4376118d09d61f/element - {"using":"css selector","value":"input[data-testid=\"input-password\"]"}
RESULT: {"using":"css selector","value":"input[data-testid=\"input-password\"]"}
COMMAND: POST /session/0458482bac67d9303a4376118d09d61f/execute/sync - {"script":"return (function isElementDisplayed(element) {\n    function nodeIsElement(node) {\n        if (!node) {\n            return false;\n        }\n        switch (node.nodeType) {\n            case Node.ELEMEN ... (7807 more bytes)","args":[{"element-6066-11e4-a52e-4f735466cecf":"4144945c-9cc9-4706-81d0-48d36a820c49","ELEMENT":"4144945c-9cc9-4706-81d0-48d36a820c49"}]}
RESULT: {"script":"return (function isElementDisplayed(element) {\n    function nodeIsElement(node) {\n        if (!node) {\n            return false;\n        }\n        switch (node.nodeType) {\n            case Node.ELEMEN ... (7807 more bytes)","args":[{"element-6066-11e4-a52e-4f735466cecf":"4144945c-9cc9-4706-81d0-48d36a820c49","ELEMENT":"4144945c-9cc9-4706-81d0-48d36a820c49"}]}
COMMAND: POST /session/0458482bac67d9303a4376118d09d61f/element - {"using":"css selector","value":"button[data-testid=\"login-button\"]"}
RESULT: {"using":"css selector","value":"button[data-testid=\"login-button\"]"}
COMMAND: POST /session/0458482bac67d9303a4376118d09d61f/execute/sync - {"script":"return (function isElementDisplayed(element) {\n    function nodeIsElement(node) {\n        if (!node) {\n            return false;\n        }\n        switch (node.nodeType) {\n            case Node.ELEMEN ... (7807 more bytes)","args":[{"element-6066-11e4-a52e-4f735466cecf":"19dc801e-b33b-46fe-927a-68bfa2b6c817","ELEMENT":"19dc801e-b33b-46fe-927a-68bfa2b6c817"}]}
RESULT: {"script":"return (function isElementDisplayed(element) {\n    function nodeIsElement(node) {\n        if (!node) {\n            return false;\n        }\n        switch (node.nodeType) {\n            case Node.ELEMEN ... (7807 more bytes)","args":[{"element-6066-11e4-a52e-4f735466cecf":"19dc801e-b33b-46fe-927a-68bfa2b6c817","ELEMENT":"19dc801e-b33b-46fe-927a-68bfa2b6c817"}]}
]]></system-out>
    </testcase>
    <testcase classname="chrome.111_0_5563_147.windows.Introduction_to_WebdriverIO" name="Validates mandatory fields" time="0.198">
      <system-out><![CDATA[
COMMAND: POST /session/0458482bac67d9303a4376118d09d61f/window/maximize - {}
COMMAND: POST /session/0458482bac67d9303a4376118d09d61f/element - {"using":"css selector","value":"button[data-testid=\"login-button\"]"}
RESULT: {}
RESULT: {"using":"css selector","value":"button[data-testid=\"login-button\"]"}
COMMAND: POST /session/0458482bac67d9303a4376118d09d61f/execute/sync - {"script":"return (function isElementDisplayed(element) {\n    function nodeIsElement(node) {\n        if (!node) {\n            return false;\n        }\n        switch (node.nodeType) {\n            case Node.ELEMEN ... (7807 more bytes)","args":[{"element-6066-11e4-a52e-4f735466cecf":"19dc801e-b33b-46fe-927a-68bfa2b6c817","ELEMENT":"19dc801e-b33b-46fe-927a-68bfa2b6c817"}]}
RESULT: {"script":"return (function isElementDisplayed(element) {\n    function nodeIsElement(node) {\n        if (!node) {\n            return false;\n        }\n        switch (node.nodeType) {\n            case Node.ELEMEN ... (7807 more bytes)","args":[{"element-6066-11e4-a52e-4f735466cecf":"19dc801e-b33b-46fe-927a-68bfa2b6c817","ELEMENT":"19dc801e-b33b-46fe-927a-68bfa2b6c817"}]}
COMMAND: POST /session/0458482bac67d9303a4376118d09d61f/element/19dc801e-b33b-46fe-927a-68bfa2b6c817/click - {}
RESULT: {}
COMMAND: POST /session/0458482bac67d9303a4376118d09d61f/element - {"using":"xpath","value":"//p[text()=\"Username is required\"]"}
RESULT: {"using":"xpath","value":"//p[text()=\"Username is required\"]"}
COMMAND: GET /session/0458482bac67d9303a4376118d09d61f/element/3cbf3de8-8913-4616-8368-2cd0480090ae/text - {}
RESULT: {}
COMMAND: POST /session/0458482bac67d9303a4376118d09d61f/element - {"using":"xpath","value":"//p[text()=\"Password is required\"]"}
RESULT: {"using":"xpath","value":"//p[text()=\"Password is required\"]"}
COMMAND: GET /session/0458482bac67d9303a4376118d09d61f/element/1fd566ee-8e86-4bbe-8eb8-6081385ef8e6/text - {}
RESULT: {}
]]></system-out>
    </testcase>
    <testcase classname="chrome.111_0_5563_147.windows.Introduction_to_WebdriverIO" name="Entries the incorrect credentials" time="6.094">
      <system-out><![CDATA[
COMMAND: POST /session/0458482bac67d9303a4376118d09d61f/window/maximize - {}
COMMAND: POST /session/0458482bac67d9303a4376118d09d61f/element - {"using":"css selector","value":"input[data-testid=\"input-login\"]"}
RESULT: {}
RESULT: {"using":"css selector","value":"input[data-testid=\"input-login\"]"}
COMMAND: POST /session/0458482bac67d9303a4376118d09d61f/element/0ddc17c4-dd1b-4715-988d-95abf4867693/clear - {}
RESULT: {}
COMMAND: POST /session/0458482bac67d9303a4376118d09d61f/element/0ddc17c4-dd1b-4715-988d-95abf4867693/value - {"text":"invalidLogin"}
RESULT: {"text":"invalidLogin"}
COMMAND: POST /session/0458482bac67d9303a4376118d09d61f/element - {"using":"css selector","value":"input[data-testid=\"input-password\"]"}
RESULT: {"using":"css selector","value":"input[data-testid=\"input-password\"]"}
COMMAND: POST /session/0458482bac67d9303a4376118d09d61f/element/4144945c-9cc9-4706-81d0-48d36a820c49/clear - {}
RESULT: {}
COMMAND: POST /session/0458482bac67d9303a4376118d09d61f/element/4144945c-9cc9-4706-81d0-48d36a820c49/value - {"text":"invalidPassword"}
RESULT: {"text":"invalidPassword"}
COMMAND: POST /session/0458482bac67d9303a4376118d09d61f/element - {"using":"css selector","value":"button[data-testid=\"login-button\"]"}
RESULT: {"using":"css selector","value":"button[data-testid=\"login-button\"]"}
COMMAND: POST /session/0458482bac67d9303a4376118d09d61f/execute/sync - {"script":"return (function isElementDisplayed(element) {\n    function nodeIsElement(node) {\n        if (!node) {\n            return false;\n        }\n        switch (node.nodeType) {\n            case Node.ELEMEN ... (7807 more bytes)","args":[{"element-6066-11e4-a52e-4f735466cecf":"19dc801e-b33b-46fe-927a-68bfa2b6c817","ELEMENT":"19dc801e-b33b-46fe-927a-68bfa2b6c817"}]}
RESULT: {"script":"return (function isElementDisplayed(element) {\n    function nodeIsElement(node) {\n        if (!node) {\n            return false;\n        }\n        switch (node.nodeType) {\n            case Node.ELEMEN ... (7807 more bytes)","args":[{"element-6066-11e4-a52e-4f735466cecf":"19dc801e-b33b-46fe-927a-68bfa2b6c817","ELEMENT":"19dc801e-b33b-46fe-927a-68bfa2b6c817"}]}
COMMAND: POST /session/0458482bac67d9303a4376118d09d61f/element/19dc801e-b33b-46fe-927a-68bfa2b6c817/click - {}
RESULT: {}
COMMAND: POST /session/0458482bac67d9303a4376118d09d61f/element - {"using":"css selector","value":"p[class=\"help-data\"]"}
RESULT: {"using":"css selector","value":"p[class=\"help-data\"]"}
COMMAND: POST /session/0458482bac67d9303a4376118d09d61f/element - {"using":"css selector","value":"p[class=\"help-data\"]"}
RESULT: {"using":"css selector","value":"p[class=\"help-data\"]"}
COMMAND: POST /session/0458482bac67d9303a4376118d09d61f/element - {"using":"css selector","value":"p[class=\"help-data\"]"}
RESULT: {"using":"css selector","value":"p[class=\"help-data\"]"}
COMMAND: POST /session/0458482bac67d9303a4376118d09d61f/element - {"using":"css selector","value":"p[class=\"help-data\"]"}
RESULT: {"using":"css selector","value":"p[class=\"help-data\"]"}
COMMAND: POST /session/0458482bac67d9303a4376118d09d61f/element - {"using":"css selector","value":"p[class=\"help-data\"]"}
RESULT: {"using":"css selector","value":"p[class=\"help-data\"]"}
COMMAND: POST /session/0458482bac67d9303a4376118d09d61f/element - {"using":"css selector","value":"p[class=\"help-data\"]"}
RESULT: {"using":"css selector","value":"p[class=\"help-data\"]"}
COMMAND: POST /session/0458482bac67d9303a4376118d09d61f/element - {"using":"css selector","value":"p[class=\"help-data\"]"}
RESULT: {"using":"css selector","value":"p[class=\"help-data\"]"}
COMMAND: POST /session/0458482bac67d9303a4376118d09d61f/element - {"using":"css selector","value":"p[class=\"help-data\"]"}
RESULT: {"using":"css selector","value":"p[class=\"help-data\"]"}
COMMAND: POST /session/0458482bac67d9303a4376118d09d61f/element - {"using":"css selector","value":"p[class=\"help-data\"]"}
RESULT: {"using":"css selector","value":"p[class=\"help-data\"]"}
COMMAND: POST /session/0458482bac67d9303a4376118d09d61f/element - {"using":"css selector","value":"p[class=\"help-data\"]"}
RESULT: {"using":"css selector","value":"p[class=\"help-data\"]"}
COMMAND: POST /session/0458482bac67d9303a4376118d09d61f/element - {"using":"css selector","value":"p[class=\"help-data\"]"}
RESULT: {"using":"css selector","value":"p[class=\"help-data\"]"}
COMMAND: POST /session/0458482bac67d9303a4376118d09d61f/element - {"using":"css selector","value":"p[class=\"help-data\"]"}
RESULT: {"using":"css selector","value":"p[class=\"help-data\"]"}
COMMAND: POST /session/0458482bac67d9303a4376118d09d61f/element - {"using":"css selector","value":"p[class=\"help-data\"]"}
RESULT: {"using":"css selector","value":"p[class=\"help-data\"]"}
COMMAND: POST /session/0458482bac67d9303a4376118d09d61f/execute/sync - {"script":"return (function isElementDisplayed(element) {\n    function nodeIsElement(node) {\n        if (!node) {\n            return false;\n        }\n        switch (node.nodeType) {\n            case Node.ELEMEN ... (7807 more bytes)","args":[{"element-6066-11e4-a52e-4f735466cecf":"bc10ecf5-9ce9-4e0d-8ff3-b4a7ad51c881","ELEMENT":"bc10ecf5-9ce9-4e0d-8ff3-b4a7ad51c881"}]}
RESULT: {"script":"return (function isElementDisplayed(element) {\n    function nodeIsElement(node) {\n        if (!node) {\n            return false;\n        }\n        switch (node.nodeType) {\n            case Node.ELEMEN ... (7807 more bytes)","args":[{"element-6066-11e4-a52e-4f735466cecf":"bc10ecf5-9ce9-4e0d-8ff3-b4a7ad51c881","ELEMENT":"bc10ecf5-9ce9-4e0d-8ff3-b4a7ad51c881"}]}
COMMAND: POST /session/0458482bac67d9303a4376118d09d61f/element - {"using":"css selector","value":"p[class=\"help-data\"]"}
RESULT: {"using":"css selector","value":"p[class=\"help-data\"]"}
COMMAND: GET /session/0458482bac67d9303a4376118d09d61f/element/bc10ecf5-9ce9-4e0d-8ff3-b4a7ad51c881/text - {}
RESULT: {}
]]></system-out>
    </testcase>
    <testcase classname="chrome.111_0_5563_147.windows.Introduction_to_WebdriverIO" name="Logs in to Admin UI" time="0.899">
      <system-out><![CDATA[
COMMAND: POST /session/0458482bac67d9303a4376118d09d61f/window/maximize - {}
COMMAND: POST /session/0458482bac67d9303a4376118d09d61f/element - {"using":"css selector","value":"input[data-testid=\"input-login\"]"}
RESULT: {}
RESULT: {"using":"css selector","value":"input[data-testid=\"input-login\"]"}
COMMAND: POST /session/0458482bac67d9303a4376118d09d61f/element/0ddc17c4-dd1b-4715-988d-95abf4867693/clear - {}
RESULT: {}
COMMAND: POST /session/0458482bac67d9303a4376118d09d61f/element/0ddc17c4-dd1b-4715-988d-95abf4867693/value - {"text":"scherbv"}
RESULT: {"text":"scherbv"}
COMMAND: POST /session/0458482bac67d9303a4376118d09d61f/element - {"using":"css selector","value":"input[data-testid=\"input-password\"]"}
RESULT: {"using":"css selector","value":"input[data-testid=\"input-password\"]"}
COMMAND: POST /session/0458482bac67d9303a4376118d09d61f/element/4144945c-9cc9-4706-81d0-48d36a820c49/clear - {}
RESULT: {}
COMMAND: POST /session/0458482bac67d9303a4376118d09d61f/element/4144945c-9cc9-4706-81d0-48d36a820c49/value - {"text":"D1l9b2v01Wqwer"}
RESULT: {"text":"D1l9b2v01Wqwer"}
COMMAND: POST /session/0458482bac67d9303a4376118d09d61f/element - {"using":"css selector","value":"button[data-testid=\"login-button\"]"}
RESULT: {"using":"css selector","value":"button[data-testid=\"login-button\"]"}
COMMAND: POST /session/0458482bac67d9303a4376118d09d61f/execute/sync - {"script":"return (function isElementDisplayed(element) {\n    function nodeIsElement(node) {\n        if (!node) {\n            return false;\n        }\n        switch (node.nodeType) {\n            case Node.ELEMEN ... (7807 more bytes)","args":[{"element-6066-11e4-a52e-4f735466cecf":"19dc801e-b33b-46fe-927a-68bfa2b6c817","ELEMENT":"19dc801e-b33b-46fe-927a-68bfa2b6c817"}]}
RESULT: {"script":"return (function isElementDisplayed(element) {\n    function nodeIsElement(node) {\n        if (!node) {\n            return false;\n        }\n        switch (node.nodeType) {\n            case Node.ELEMEN ... (7807 more bytes)","args":[{"element-6066-11e4-a52e-4f735466cecf":"19dc801e-b33b-46fe-927a-68bfa2b6c817","ELEMENT":"19dc801e-b33b-46fe-927a-68bfa2b6c817"}]}
COMMAND: POST /session/0458482bac67d9303a4376118d09d61f/element/19dc801e-b33b-46fe-927a-68bfa2b6c817/click - {}
RESULT: {}
COMMAND: POST /session/0458482bac67d9303a4376118d09d61f/element - {"using":"xpath","value":"//h1[contains(text(), \"Users List\")]"}
RESULT: {"using":"xpath","value":"//h1[contains(text(), \"Users List\")]"}
COMMAND: POST /session/0458482bac67d9303a4376118d09d61f/element - {"using":"xpath","value":"//h1[contains(text(), \"Users List\")]"}
RESULT: {"using":"xpath","value":"//h1[contains(text(), \"Users List\")]"}
COMMAND: POST /session/0458482bac67d9303a4376118d09d61f/element - {"using":"xpath","value":"//h1[contains(text(), \"Users List\")]"}
RESULT: {"using":"xpath","value":"//h1[contains(text(), \"Users List\")]"}
COMMAND: POST /session/0458482bac67d9303a4376118d09d61f/execute/sync - {"script":"return (function isElementDisplayed(element) {\n    function nodeIsElement(node) {\n        if (!node) {\n            return false;\n        }\n        switch (node.nodeType) {\n            case Node.ELEMEN ... (7807 more bytes)","args":[{"element-6066-11e4-a52e-4f735466cecf":"0267ba49-d3ca-4c4f-b9f6-e874756741f8","ELEMENT":"0267ba49-d3ca-4c4f-b9f6-e874756741f8"}]}
RESULT: {"script":"return (function isElementDisplayed(element) {\n    function nodeIsElement(node) {\n        if (!node) {\n            return false;\n        }\n        switch (node.nodeType) {\n            case Node.ELEMEN ... (7807 more bytes)","args":[{"element-6066-11e4-a52e-4f735466cecf":"0267ba49-d3ca-4c4f-b9f6-e874756741f8","ELEMENT":"0267ba49-d3ca-4c4f-b9f6-e874756741f8"}]}
COMMAND: POST /session/0458482bac67d9303a4376118d09d61f/element - {"using":"xpath","value":"//h1[contains(text(), \"Users List\")]"}
RESULT: {"using":"xpath","value":"//h1[contains(text(), \"Users List\")]"}
COMMAND: POST /session/0458482bac67d9303a4376118d09d61f/execute/sync - {"script":"return (function isElementDisplayed(element) {\n    function nodeIsElement(node) {\n        if (!node) {\n            return false;\n        }\n        switch (node.nodeType) {\n            case Node.ELEMEN ... (7807 more bytes)","args":[{"element-6066-11e4-a52e-4f735466cecf":"0267ba49-d3ca-4c4f-b9f6-e874756741f8","ELEMENT":"0267ba49-d3ca-4c4f-b9f6-e874756741f8"}]}
RESULT: {"script":"return (function isElementDisplayed(element) {\n    function nodeIsElement(node) {\n        if (!node) {\n            return false;\n        }\n        switch (node.nodeType) {\n            case Node.ELEMEN ... (7807 more bytes)","args":[{"element-6066-11e4-a52e-4f735466cecf":"0267ba49-d3ca-4c4f-b9f6-e874756741f8","ELEMENT":"0267ba49-d3ca-4c4f-b9f6-e874756741f8"}]}
]]></system-out>
    </testcase>
    <testcase classname="chrome.111_0_5563_147.windows.Introduction_to_WebdriverIO" name="Logs out from Admin UI" time="0.7">
      <system-out><![CDATA[
COMMAND: POST /session/0458482bac67d9303a4376118d09d61f/window/maximize - {}
COMMAND: POST /session/0458482bac67d9303a4376118d09d61f/element - {"using":"xpath","value":"//a[@href=\"/Login\"]"}
RESULT: {}
RESULT: {"using":"xpath","value":"//a[@href=\"/Login\"]"}
COMMAND: POST /session/0458482bac67d9303a4376118d09d61f/execute/sync - {"script":"return (function isElementDisplayed(element) {\n    function nodeIsElement(node) {\n        if (!node) {\n            return false;\n        }\n        switch (node.nodeType) {\n            case Node.ELEMEN ... (7807 more bytes)","args":[{"element-6066-11e4-a52e-4f735466cecf":"5751d0bf-86b4-46d2-a907-6f4941bae4db","ELEMENT":"5751d0bf-86b4-46d2-a907-6f4941bae4db"}]}
RESULT: {"script":"return (function isElementDisplayed(element) {\n    function nodeIsElement(node) {\n        if (!node) {\n            return false;\n        }\n        switch (node.nodeType) {\n            case Node.ELEMEN ... (7807 more bytes)","args":[{"element-6066-11e4-a52e-4f735466cecf":"5751d0bf-86b4-46d2-a907-6f4941bae4db","ELEMENT":"5751d0bf-86b4-46d2-a907-6f4941bae4db"}]}
COMMAND: POST /session/0458482bac67d9303a4376118d09d61f/element/5751d0bf-86b4-46d2-a907-6f4941bae4db/click - {}
RESULT: {}
COMMAND: POST /session/0458482bac67d9303a4376118d09d61f/element - {"using":"css selector","value":".login-form__wrapper"}
RESULT: {"using":"css selector","value":".login-form__wrapper"}
COMMAND: POST /session/0458482bac67d9303a4376118d09d61f/element - {"using":"css selector","value":".login-form__wrapper"}
RESULT: {"using":"css selector","value":".login-form__wrapper"}
COMMAND: POST /session/0458482bac67d9303a4376118d09d61f/element - {"using":"css selector","value":".login-form__wrapper"}
RESULT: {"using":"css selector","value":".login-form__wrapper"}
COMMAND: POST /session/0458482bac67d9303a4376118d09d61f/execute/sync - {"script":"return (function isElementDisplayed(element) {\n    function nodeIsElement(node) {\n        if (!node) {\n            return false;\n        }\n        switch (node.nodeType) {\n            case Node.ELEMEN ... (7807 more bytes)","args":[{"element-6066-11e4-a52e-4f735466cecf":"31583d0a-1b02-4e48-99aa-523c39fbcf19","ELEMENT":"31583d0a-1b02-4e48-99aa-523c39fbcf19"}]}
RESULT: {"script":"return (function isElementDisplayed(element) {\n    function nodeIsElement(node) {\n        if (!node) {\n            return false;\n        }\n        switch (node.nodeType) {\n            case Node.ELEMEN ... (7807 more bytes)","args":[{"element-6066-11e4-a52e-4f735466cecf":"31583d0a-1b02-4e48-99aa-523c39fbcf19","ELEMENT":"31583d0a-1b02-4e48-99aa-523c39fbcf19"}]}
COMMAND: POST /session/0458482bac67d9303a4376118d09d61f/element - {"using":"css selector","value":".login-form__wrapper"}
RESULT: {"using":"css selector","value":".login-form__wrapper"}
COMMAND: POST /session/0458482bac67d9303a4376118d09d61f/execute/sync - {"script":"return (function isElementDisplayed(element) {\n    function nodeIsElement(node) {\n        if (!node) {\n            return false;\n        }\n        switch (node.nodeType) {\n            case Node.ELEMEN ... (7807 more bytes)","args":[{"element-6066-11e4-a52e-4f735466cecf":"31583d0a-1b02-4e48-99aa-523c39fbcf19","ELEMENT":"31583d0a-1b02-4e48-99aa-523c39fbcf19"}]}
RESULT: {"script":"return (function isElementDisplayed(element) {\n    function nodeIsElement(node) {\n        if (!node) {\n            return false;\n        }\n        switch (node.nodeType) {\n            case Node.ELEMEN ... (7807 more bytes)","args":[{"element-6066-11e4-a52e-4f735466cecf":"31583d0a-1b02-4e48-99aa-523c39fbcf19","ELEMENT":"31583d0a-1b02-4e48-99aa-523c39fbcf19"}]}
COMMAND: POST /session/0458482bac67d9303a4376118d09d61f/element - {"using":"css selector","value":"input[data-testid=\"input-login\"]"}
RESULT: {"using":"css selector","value":"input[data-testid=\"input-login\"]"}
COMMAND: POST /session/0458482bac67d9303a4376118d09d61f/element/0b81b808-128b-4604-bb7b-5d9e165f7d6f/clear - {}
RESULT: {}
COMMAND: POST /session/0458482bac67d9303a4376118d09d61f/element/0b81b808-128b-4604-bb7b-5d9e165f7d6f/value - {"text":"scherbv"}
RESULT: {"text":"scherbv"}
COMMAND: POST /session/0458482bac67d9303a4376118d09d61f/element - {"using":"css selector","value":"input[data-testid=\"input-password\"]"}
RESULT: {"using":"css selector","value":"input[data-testid=\"input-password\"]"}
COMMAND: POST /session/0458482bac67d9303a4376118d09d61f/element/d552fea9-2e30-4625-806e-2d18b3a53e5f/clear - {}
RESULT: {}
COMMAND: POST /session/0458482bac67d9303a4376118d09d61f/element/d552fea9-2e30-4625-806e-2d18b3a53e5f/value - {"text":"D1l9b2v01Wqwer"}
RESULT: {"text":"D1l9b2v01Wqwer"}
COMMAND: POST /session/0458482bac67d9303a4376118d09d61f/element - {"using":"css selector","value":"button[data-testid=\"login-button\"]"}
RESULT: {"using":"css selector","value":"button[data-testid=\"login-button\"]"}
COMMAND: POST /session/0458482bac67d9303a4376118d09d61f/execute/sync - {"script":"return (function isElementDisplayed(element) {\n    function nodeIsElement(node) {\n        if (!node) {\n            return false;\n        }\n        switch (node.nodeType) {\n            case Node.ELEMEN ... (7807 more bytes)","args":[{"element-6066-11e4-a52e-4f735466cecf":"e2b63280-5fcf-45e5-9fc0-4b5c61b3f223","ELEMENT":"e2b63280-5fcf-45e5-9fc0-4b5c61b3f223"}]}
RESULT: {"script":"return (function isElementDisplayed(element) {\n    function nodeIsElement(node) {\n        if (!node) {\n            return false;\n        }\n        switch (node.nodeType) {\n            case Node.ELEMEN ... (7807 more bytes)","args":[{"element-6066-11e4-a52e-4f735466cecf":"e2b63280-5fcf-45e5-9fc0-4b5c61b3f223","ELEMENT":"e2b63280-5fcf-45e5-9fc0-4b5c61b3f223"}]}
COMMAND: POST /session/0458482bac67d9303a4376118d09d61f/element/e2b63280-5fcf-45e5-9fc0-4b5c61b3f223/click - {}
RESULT: {}
]]></system-out>
    </testcase>
  </testsuite>
  <testsuite name="Basic commands" timestamp="2023-04-04T14:58:58" time="6.853" tests="4" failures="0" errors="0" skipped="0">
    <properties>
      <property name="specId" value="0"/>
      <property name="suiteName" value="Basic commands"/>
      <property name="capabilities" value="chrome.111_0_5563_147.windows"/>
      <property name="file" value="file:///C:/Users/Vadim_Scherbakov/JS/automation-js-basic/automation-js-basic-ui/automation-js-basic/src/test/specs/test.spec.js"/>
    </properties>
    <testcase classname="chrome.111_0_5563_147.windows.Basic_commands" name="Existing questions are displayed on the Question Library page" time="3.784">
      <system-out><![CDATA[
COMMAND: POST /session/0458482bac67d9303a4376118d09d61f/window/maximize - {}
COMMAND: POST /session/0458482bac67d9303a4376118d09d61f/element - {"using":"xpath","value":"//a[@href=\"/QuestionLibrary\"]"}
RESULT: {}
RESULT: {"using":"xpath","value":"//a[@href=\"/QuestionLibrary\"]"}
COMMAND: POST /session/0458482bac67d9303a4376118d09d61f/elements - {"using":"xpath","value":"//a[@href=\"/QuestionLibrary\"]"}
RESULT: {"using":"xpath","value":"//a[@href=\"/QuestionLibrary\"]"}
COMMAND: POST /session/0458482bac67d9303a4376118d09d61f/elements - {"using":"xpath","value":"//a[@href=\"/QuestionLibrary\"]"}
RESULT: {"using":"xpath","value":"//a[@href=\"/QuestionLibrary\"]"}
COMMAND: POST /session/0458482bac67d9303a4376118d09d61f/element - {"using":"xpath","value":"//a[@href=\"/QuestionLibrary\"]"}
RESULT: {"using":"xpath","value":"//a[@href=\"/QuestionLibrary\"]"}
COMMAND: POST /session/0458482bac67d9303a4376118d09d61f/execute/sync - {"script":"return (function isElementDisplayed(element) {\n    function nodeIsElement(node) {\n        if (!node) {\n            return false;\n        }\n        switch (node.nodeType) {\n            case Node.ELEMEN ... (7807 more bytes)","args":[{"element-6066-11e4-a52e-4f735466cecf":"ab92f0b0-b45f-4367-8d15-d0e500473577","ELEMENT":"ab92f0b0-b45f-4367-8d15-d0e500473577"}]}
RESULT: {"script":"return (function isElementDisplayed(element) {\n    function nodeIsElement(node) {\n        if (!node) {\n            return false;\n        }\n        switch (node.nodeType) {\n            case Node.ELEMEN ... (7807 more bytes)","args":[{"element-6066-11e4-a52e-4f735466cecf":"ab92f0b0-b45f-4367-8d15-d0e500473577","ELEMENT":"ab92f0b0-b45f-4367-8d15-d0e500473577"}]}
COMMAND: POST /session/0458482bac67d9303a4376118d09d61f/element/ab92f0b0-b45f-4367-8d15-d0e500473577/click - {}
RESULT: {}
COMMAND: POST /session/0458482bac67d9303a4376118d09d61f/element - {"using":"css selector","value":".questions-table"}
RESULT: {"using":"css selector","value":".questions-table"}
COMMAND: POST /session/0458482bac67d9303a4376118d09d61f/element - {"using":"css selector","value":".questions-table"}
RESULT: {"using":"css selector","value":".questions-table"}
COMMAND: POST /session/0458482bac67d9303a4376118d09d61f/element - {"using":"css selector","value":".questions-table"}
RESULT: {"using":"css selector","value":".questions-table"}
COMMAND: POST /session/0458482bac67d9303a4376118d09d61f/element - {"using":"css selector","value":".questions-table"}
RESULT: {"using":"css selector","value":".questions-table"}
COMMAND: POST /session/0458482bac67d9303a4376118d09d61f/element - {"using":"css selector","value":".questions-table"}
RESULT: {"using":"css selector","value":".questions-table"}
COMMAND: POST /session/0458482bac67d9303a4376118d09d61f/element - {"using":"css selector","value":".questions-table"}
RESULT: {"using":"css selector","value":".questions-table"}
COMMAND: POST /session/0458482bac67d9303a4376118d09d61f/element - {"using":"css selector","value":".questions-table"}
RESULT: {"using":"css selector","value":".questions-table"}
COMMAND: POST /session/0458482bac67d9303a4376118d09d61f/element - {"using":"css selector","value":".questions-table"}
RESULT: {"using":"css selector","value":".questions-table"}
COMMAND: POST /session/0458482bac67d9303a4376118d09d61f/execute/sync - {"script":"return (function isElementDisplayed(element) {\n    function nodeIsElement(node) {\n        if (!node) {\n            return false;\n        }\n        switch (node.nodeType) {\n            case Node.ELEMEN ... (7807 more bytes)","args":[{"element-6066-11e4-a52e-4f735466cecf":"8723e0fd-228e-4f96-9448-93a5a56da120","ELEMENT":"8723e0fd-228e-4f96-9448-93a5a56da120"}]}
RESULT: {"script":"return (function isElementDisplayed(element) {\n    function nodeIsElement(node) {\n        if (!node) {\n            return false;\n        }\n        switch (node.nodeType) {\n            case Node.ELEMEN ... (7807 more bytes)","args":[{"element-6066-11e4-a52e-4f735466cecf":"8723e0fd-228e-4f96-9448-93a5a56da120","ELEMENT":"8723e0fd-228e-4f96-9448-93a5a56da120"}]}
COMMAND: POST /session/0458482bac67d9303a4376118d09d61f/elements - {"using":"xpath","value":"//tbody/tr"}
RESULT: {"using":"xpath","value":"//tbody/tr"}
]]></system-out>
    </testcase>
    <testcase classname="chrome.111_0_5563_147.windows.Basic_commands" name="Validates Add New Question pop up is opened" time="0.279">
      <system-out><![CDATA[
COMMAND: POST /session/0458482bac67d9303a4376118d09d61f/window/maximize - {}
COMMAND: POST /session/0458482bac67d9303a4376118d09d61f/element - {"using":"xpath","value":"//button[text()=\"Add New Question\"]"}
RESULT: {}
RESULT: {"using":"xpath","value":"//button[text()=\"Add New Question\"]"}
COMMAND: POST /session/0458482bac67d9303a4376118d09d61f/execute/sync - {"script":"return (function isElementDisplayed(element) {\n    function nodeIsElement(node) {\n        if (!node) {\n            return false;\n        }\n        switch (node.nodeType) {\n            case Node.ELEMEN ... (7807 more bytes)","args":[{"element-6066-11e4-a52e-4f735466cecf":"1c90b558-4d1a-4927-8bd7-379ceeb55234","ELEMENT":"1c90b558-4d1a-4927-8bd7-379ceeb55234"}]}
RESULT: {"script":"return (function isElementDisplayed(element) {\n    function nodeIsElement(node) {\n        if (!node) {\n            return false;\n        }\n        switch (node.nodeType) {\n            case Node.ELEMEN ... (7807 more bytes)","args":[{"element-6066-11e4-a52e-4f735466cecf":"1c90b558-4d1a-4927-8bd7-379ceeb55234","ELEMENT":"1c90b558-4d1a-4927-8bd7-379ceeb55234"}]}
COMMAND: POST /session/0458482bac67d9303a4376118d09d61f/element/1c90b558-4d1a-4927-8bd7-379ceeb55234/click - {}
RESULT: {}
COMMAND: POST /session/0458482bac67d9303a4376118d09d61f/element - {"using":"css selector","value":".add-new-question"}
RESULT: {"using":"css selector","value":".add-new-question"}
COMMAND: POST /session/0458482bac67d9303a4376118d09d61f/execute/sync - {"script":"return (function isElementDisplayed(element) {\n    function nodeIsElement(node) {\n        if (!node) {\n            return false;\n        }\n        switch (node.nodeType) {\n            case Node.ELEMEN ... (7807 more bytes)","args":[{"element-6066-11e4-a52e-4f735466cecf":"c9923924-14a5-46d6-82b8-8fee1b8e0aeb","ELEMENT":"c9923924-14a5-46d6-82b8-8fee1b8e0aeb"}]}
RESULT: {"script":"return (function isElementDisplayed(element) {\n    function nodeIsElement(node) {\n        if (!node) {\n            return false;\n        }\n        switch (node.nodeType) {\n            case Node.ELEMEN ... (7807 more bytes)","args":[{"element-6066-11e4-a52e-4f735466cecf":"c9923924-14a5-46d6-82b8-8fee1b8e0aeb","ELEMENT":"c9923924-14a5-46d6-82b8-8fee1b8e0aeb"}]}
COMMAND: POST /session/0458482bac67d9303a4376118d09d61f/element - {"using":"css selector","value":".add-new-question"}
RESULT: {"using":"css selector","value":".add-new-question"}
COMMAND: POST /session/0458482bac67d9303a4376118d09d61f/execute/sync - {"script":"return (function isElementDisplayed(element) {\n    function nodeIsElement(node) {\n        if (!node) {\n            return false;\n        }\n        switch (node.nodeType) {\n            case Node.ELEMEN ... (7807 more bytes)","args":[{"element-6066-11e4-a52e-4f735466cecf":"c9923924-14a5-46d6-82b8-8fee1b8e0aeb","ELEMENT":"c9923924-14a5-46d6-82b8-8fee1b8e0aeb"}]}
RESULT: {"script":"return (function isElementDisplayed(element) {\n    function nodeIsElement(node) {\n        if (!node) {\n            return false;\n        }\n        switch (node.nodeType) {\n            case Node.ELEMEN ... (7807 more bytes)","args":[{"element-6066-11e4-a52e-4f735466cecf":"c9923924-14a5-46d6-82b8-8fee1b8e0aeb","ELEMENT":"c9923924-14a5-46d6-82b8-8fee1b8e0aeb"}]}
]]></system-out>
    </testcase>
    <testcase classname="chrome.111_0_5563_147.windows.Basic_commands" name="Save button is disabled in Add New Question pop up" time="0.049">
      <system-out><![CDATA[
COMMAND: POST /session/0458482bac67d9303a4376118d09d61f/window/maximize - {}
COMMAND: POST /session/0458482bac67d9303a4376118d09d61f/element - {"using":"xpath","value":"//button[text()=\"Cancel\"]/following-sibling::button"}
RESULT: {}
RESULT: {"using":"xpath","value":"//button[text()=\"Cancel\"]/following-sibling::button"}
COMMAND: GET /session/0458482bac67d9303a4376118d09d61f/element/9261b8af-17b1-4ccb-b395-5f7b1d5d0057/enabled - {}
RESULT: {}
]]></system-out>
    </testcase>
    <testcase classname="chrome.111_0_5563_147.windows.Basic_commands" name="Changes are not saved after closing Add New Question pop up" time="1.865">
      <system-out><![CDATA[
COMMAND: POST /session/0458482bac67d9303a4376118d09d61f/window/maximize - {}
COMMAND: POST /session/0458482bac67d9303a4376118d09d61f/element - {"using":"css selector","value":"div[data-testid=\"questionText\"]"}
RESULT: {}
RESULT: {"using":"css selector","value":"div[data-testid=\"questionText\"]"}
COMMAND: POST /session/0458482bac67d9303a4376118d09d61f/execute/sync - {"script":"return (function isElementDisplayed(element) {\n    function nodeIsElement(node) {\n        if (!node) {\n            return false;\n        }\n        switch (node.nodeType) {\n            case Node.ELEMEN ... (7807 more bytes)","args":[{"element-6066-11e4-a52e-4f735466cecf":"9ed2f21f-a42c-4d84-80eb-692c91464063","ELEMENT":"9ed2f21f-a42c-4d84-80eb-692c91464063"}]}
RESULT: {"script":"return (function isElementDisplayed(element) {\n    function nodeIsElement(node) {\n        if (!node) {\n            return false;\n        }\n        switch (node.nodeType) {\n            case Node.ELEMEN ... (7807 more bytes)","args":[{"element-6066-11e4-a52e-4f735466cecf":"9ed2f21f-a42c-4d84-80eb-692c91464063","ELEMENT":"9ed2f21f-a42c-4d84-80eb-692c91464063"}]}
COMMAND: POST /session/0458482bac67d9303a4376118d09d61f/element/9ed2f21f-a42c-4d84-80eb-692c91464063/click - {}
RESULT: {}
COMMAND: POST /session/0458482bac67d9303a4376118d09d61f/actions - {"actions":[{"id":"action1","type":"key","parameters":{},"actions":[{"type":"keyDown","value":"T"},{"type":"keyDown","value":"e"},{"type":"keyDown","value":"s"},{"type":"keyDown","value":"t"},{"type":"keyDown","value":" "},{"type":"keyDown","value":"q"},{"type":"keyDown","value":"u"},{"type":"keyDown","value":"e"},{"type":"keyDown","value":"s"},{"type":"keyDown","value":"t"},"(37 more items)"]}]}
RESULT: {"actions":[{"id":"action1","type":"key","parameters":{},"actions":[{"type":"keyDown","value":"T"},{"type":"keyDown","value":"e"},{"type":"keyDown","value":"s"},{"type":"keyDown","value":"t"},{"type":"keyDown","value":" "},{"type":"keyDown","value":"q"},{"type":"keyDown","value":"u"},{"type":"keyDown","value":"e"},{"type":"keyDown","value":"s"},{"type":"keyDown","value":"t"},"(37 more items)"]}]}
COMMAND: DELETE /session/0458482bac67d9303a4376118d09d61f/actions - {}
RESULT: {}
COMMAND: POST /session/0458482bac67d9303a4376118d09d61f/element - {"using":"css selector","value":"[data-testid=\"add-question-alias\"]"}
RESULT: {"using":"css selector","value":"[data-testid=\"add-question-alias\"]"}
COMMAND: POST /session/0458482bac67d9303a4376118d09d61f/element/fae8bbf7-a832-498a-a2ff-953bd5729132/clear - {}
RESULT: {}
COMMAND: POST /session/0458482bac67d9303a4376118d09d61f/element/fae8bbf7-a832-498a-a2ff-953bd5729132/value - {"text":"Test question alias"}
RESULT: {"text":"Test question alias"}
COMMAND: POST /session/0458482bac67d9303a4376118d09d61f/element - {"using":"css selector","value":"[data-testid=\"add-question-short-name\"]"}
RESULT: {"using":"css selector","value":"[data-testid=\"add-question-short-name\"]"}
COMMAND: POST /session/0458482bac67d9303a4376118d09d61f/element/cec74311-2ae5-45f9-abe3-3bae83d61b30/clear - {}
RESULT: {}
COMMAND: POST /session/0458482bac67d9303a4376118d09d61f/element/cec74311-2ae5-45f9-abe3-3bae83d61b30/value - {"text":"Test question shortname"}
RESULT: {"text":"Test question shortname"}
COMMAND: POST /session/0458482bac67d9303a4376118d09d61f/element - {"using":"css selector","value":"input[name=\"question-keywords\"]"}
RESULT: {"using":"css selector","value":"input[name=\"question-keywords\"]"}
COMMAND: POST /session/0458482bac67d9303a4376118d09d61f/element/9a2c2536-9afa-4b80-9e2d-08aa85ae9f2a/clear - {}
RESULT: {}
COMMAND: POST /session/0458482bac67d9303a4376118d09d61f/element/9a2c2536-9afa-4b80-9e2d-08aa85ae9f2a/value - {"text":"Test question keywords"}
RESULT: {"text":"Test question keywords"}
COMMAND: POST /session/0458482bac67d9303a4376118d09d61f/element - {"using":"xpath","value":"//button[text()=\"Cancel\"]"}
RESULT: {"using":"xpath","value":"//button[text()=\"Cancel\"]"}
COMMAND: POST /session/0458482bac67d9303a4376118d09d61f/execute/sync - {"script":"return (function isElementDisplayed(element) {\n    function nodeIsElement(node) {\n        if (!node) {\n            return false;\n        }\n        switch (node.nodeType) {\n            case Node.ELEMEN ... (7807 more bytes)","args":[{"element-6066-11e4-a52e-4f735466cecf":"51a54860-3ecc-4973-8af7-b3f76ebdc1ff","ELEMENT":"51a54860-3ecc-4973-8af7-b3f76ebdc1ff"}]}
RESULT: {"script":"return (function isElementDisplayed(element) {\n    function nodeIsElement(node) {\n        if (!node) {\n            return false;\n        }\n        switch (node.nodeType) {\n            case Node.ELEMEN ... (7807 more bytes)","args":[{"element-6066-11e4-a52e-4f735466cecf":"51a54860-3ecc-4973-8af7-b3f76ebdc1ff","ELEMENT":"51a54860-3ecc-4973-8af7-b3f76ebdc1ff"}]}
COMMAND: POST /session/0458482bac67d9303a4376118d09d61f/element/51a54860-3ecc-4973-8af7-b3f76ebdc1ff/click - {}
RESULT: {}
COMMAND: POST /session/0458482bac67d9303a4376118d09d61f/element - {"using":"xpath","value":"//button[text()=\"Add New Question\"]"}
RESULT: {"using":"xpath","value":"//button[text()=\"Add New Question\"]"}
COMMAND: POST /session/0458482bac67d9303a4376118d09d61f/execute/sync - {"script":"return (function isElementDisplayed(element) {\n    function nodeIsElement(node) {\n        if (!node) {\n            return false;\n        }\n        switch (node.nodeType) {\n            case Node.ELEMEN ... (7807 more bytes)","args":[{"element-6066-11e4-a52e-4f735466cecf":"1c90b558-4d1a-4927-8bd7-379ceeb55234","ELEMENT":"1c90b558-4d1a-4927-8bd7-379ceeb55234"}]}
RESULT: {"script":"return (function isElementDisplayed(element) {\n    function nodeIsElement(node) {\n        if (!node) {\n            return false;\n        }\n        switch (node.nodeType) {\n            case Node.ELEMEN ... (7807 more bytes)","args":[{"element-6066-11e4-a52e-4f735466cecf":"1c90b558-4d1a-4927-8bd7-379ceeb55234","ELEMENT":"1c90b558-4d1a-4927-8bd7-379ceeb55234"}]}
COMMAND: POST /session/0458482bac67d9303a4376118d09d61f/element/1c90b558-4d1a-4927-8bd7-379ceeb55234/click - {}
RESULT: {}
COMMAND: POST /session/0458482bac67d9303a4376118d09d61f/element - {"using":"css selector","value":"div[data-testid=\"questionText\"]"}
RESULT: {"using":"css selector","value":"div[data-testid=\"questionText\"]"}
COMMAND: GET /session/0458482bac67d9303a4376118d09d61f/element/7007c58c-76b9-47ed-99da-a1cd726fa53b/text - {}
RESULT: {}
COMMAND: POST /session/0458482bac67d9303a4376118d09d61f/element - {"using":"css selector","value":"[data-testid=\"add-question-alias\"]"}
RESULT: {"using":"css selector","value":"[data-testid=\"add-question-alias\"]"}
COMMAND: GET /session/0458482bac67d9303a4376118d09d61f/element/0ea78325-3204-40a9-a5e4-ae68a63900b3/property/value - {}
RESULT: {}
COMMAND: POST /session/0458482bac67d9303a4376118d09d61f/element - {"using":"css selector","value":"[data-testid=\"add-question-short-name\"]"}
RESULT: {"using":"css selector","value":"[data-testid=\"add-question-short-name\"]"}
COMMAND: GET /session/0458482bac67d9303a4376118d09d61f/element/edfc7f62-ee24-409f-a113-11da9171cb89/property/value - {}
RESULT: {}
COMMAND: POST /session/0458482bac67d9303a4376118d09d61f/element - {"using":"css selector","value":"input[name=\"question-keywords\"]"}
RESULT: {"using":"css selector","value":"input[name=\"question-keywords\"]"}
COMMAND: GET /session/0458482bac67d9303a4376118d09d61f/element/a5fb1786-5c2c-4eb6-93c4-c5f23984dcac/property/value - {}
RESULT: {}
COMMAND: POST /session/0458482bac67d9303a4376118d09d61f/refresh - {}
RESULT: {}
]]></system-out>
    </testcase>
  </testsuite>
  <testsuite name="Advanced commands" timestamp="2023-04-04T14:59:05" time="6.769" tests="3" failures="0" errors="0" skipped="0">
    <properties>
      <property name="specId" value="0"/>
      <property name="suiteName" value="Advanced commands"/>
      <property name="capabilities" value="chrome.111_0_5563_147.windows"/>
      <property name="file" value="file:///C:/Users/Vadim_Scherbakov/JS/automation-js-basic/automation-js-basic-ui/automation-js-basic/src/test/specs/test.spec.js"/>
    </properties>
    <testcase classname="chrome.111_0_5563_147.windows.Advanced_commands" name="Load spinner disappears after questions are loaded" time="5.534">
      <system-out><![CDATA[
COMMAND: POST /session/0458482bac67d9303a4376118d09d61f/window/maximize - {}
COMMAND: POST /session/0458482bac67d9303a4376118d09d61f/element - {"using":"xpath","value":"//a[@href=\"/UserList\"]"}
RESULT: {}
RESULT: {"using":"xpath","value":"//a[@href=\"/UserList\"]"}
COMMAND: POST /session/0458482bac67d9303a4376118d09d61f/elements - {"using":"xpath","value":"//a[@href=\"/UserList\"]"}
RESULT: {"using":"xpath","value":"//a[@href=\"/UserList\"]"}
COMMAND: POST /session/0458482bac67d9303a4376118d09d61f/elements - {"using":"xpath","value":"//a[@href=\"/UserList\"]"}
RESULT: {"using":"xpath","value":"//a[@href=\"/UserList\"]"}
COMMAND: POST /session/0458482bac67d9303a4376118d09d61f/element - {"using":"xpath","value":"//a[@href=\"/UserList\"]"}
RESULT: {"using":"xpath","value":"//a[@href=\"/UserList\"]"}
COMMAND: POST /session/0458482bac67d9303a4376118d09d61f/execute/sync - {"script":"return (function isElementDisplayed(element) {\n    function nodeIsElement(node) {\n        if (!node) {\n            return false;\n        }\n        switch (node.nodeType) {\n            case Node.ELEMEN ... (7807 more bytes)","args":[{"element-6066-11e4-a52e-4f735466cecf":"7a7c6747-5ef8-4d7d-a5d2-647e51a8b6f1","ELEMENT":"7a7c6747-5ef8-4d7d-a5d2-647e51a8b6f1"}]}
RESULT: {"script":"return (function isElementDisplayed(element) {\n    function nodeIsElement(node) {\n        if (!node) {\n            return false;\n        }\n        switch (node.nodeType) {\n            case Node.ELEMEN ... (7807 more bytes)","args":[{"element-6066-11e4-a52e-4f735466cecf":"7a7c6747-5ef8-4d7d-a5d2-647e51a8b6f1","ELEMENT":"7a7c6747-5ef8-4d7d-a5d2-647e51a8b6f1"}]}
COMMAND: POST /session/0458482bac67d9303a4376118d09d61f/element/7a7c6747-5ef8-4d7d-a5d2-647e51a8b6f1/click - {}
RESULT: {}
COMMAND: POST /session/0458482bac67d9303a4376118d09d61f/element - {"using":"xpath","value":"//a[@href=\"/QuestionLibrary\"]"}
RESULT: {"using":"xpath","value":"//a[@href=\"/QuestionLibrary\"]"}
COMMAND: POST /session/0458482bac67d9303a4376118d09d61f/execute/sync - {"script":"return (function isElementDisplayed(element) {\n    function nodeIsElement(node) {\n        if (!node) {\n            return false;\n        }\n        switch (node.nodeType) {\n            case Node.ELEMEN ... (7807 more bytes)","args":[{"element-6066-11e4-a52e-4f735466cecf":"ee72b815-28e8-4cb8-aaaf-5c11713af2d3","ELEMENT":"ee72b815-28e8-4cb8-aaaf-5c11713af2d3"}]}
RESULT: {"script":"return (function isElementDisplayed(element) {\n    function nodeIsElement(node) {\n        if (!node) {\n            return false;\n        }\n        switch (node.nodeType) {\n            case Node.ELEMEN ... (7807 more bytes)","args":[{"element-6066-11e4-a52e-4f735466cecf":"ee72b815-28e8-4cb8-aaaf-5c11713af2d3","ELEMENT":"ee72b815-28e8-4cb8-aaaf-5c11713af2d3"}]}
COMMAND: POST /session/0458482bac67d9303a4376118d09d61f/element/ee72b815-28e8-4cb8-aaaf-5c11713af2d3/click - {}
RESULT: {}
COMMAND: POST /session/0458482bac67d9303a4376118d09d61f/element - {"using":"css selector","value":".table-spinner"}
RESULT: {"using":"css selector","value":".table-spinner"}
COMMAND: POST /session/0458482bac67d9303a4376118d09d61f/execute/sync - {"script":"return (function isElementDisplayed(element) {\n    function nodeIsElement(node) {\n        if (!node) {\n            return false;\n        }\n        switch (node.nodeType) {\n            case Node.ELEMEN ... (7807 more bytes)","args":[{"element-6066-11e4-a52e-4f735466cecf":"3bfad2bd-71f5-4199-b48f-4f8e734beefd","ELEMENT":"3bfad2bd-71f5-4199-b48f-4f8e734beefd"}]}
RESULT: {"script":"return (function isElementDisplayed(element) {\n    function nodeIsElement(node) {\n        if (!node) {\n            return false;\n        }\n        switch (node.nodeType) {\n            case Node.ELEMEN ... (7807 more bytes)","args":[{"element-6066-11e4-a52e-4f735466cecf":"3bfad2bd-71f5-4199-b48f-4f8e734beefd","ELEMENT":"3bfad2bd-71f5-4199-b48f-4f8e734beefd"}]}
COMMAND: POST /session/0458482bac67d9303a4376118d09d61f/execute/sync - {"script":"return (function isElementDisplayed(element) {\n    function nodeIsElement(node) {\n        if (!node) {\n            return false;\n        }\n        switch (node.nodeType) {\n            case Node.ELEMEN ... (7807 more bytes)","args":[{"element-6066-11e4-a52e-4f735466cecf":"3bfad2bd-71f5-4199-b48f-4f8e734beefd","ELEMENT":"3bfad2bd-71f5-4199-b48f-4f8e734beefd"}]}
RESULT: {"script":"return (function isElementDisplayed(element) {\n    function nodeIsElement(node) {\n        if (!node) {\n            return false;\n        }\n        switch (node.nodeType) {\n            case Node.ELEMEN ... (7807 more bytes)","args":[{"element-6066-11e4-a52e-4f735466cecf":"3bfad2bd-71f5-4199-b48f-4f8e734beefd","ELEMENT":"3bfad2bd-71f5-4199-b48f-4f8e734beefd"}]}
COMMAND: POST /session/0458482bac67d9303a4376118d09d61f/execute/sync - {"script":"return (function isElementDisplayed(element) {\n    function nodeIsElement(node) {\n        if (!node) {\n            return false;\n        }\n        switch (node.nodeType) {\n            case Node.ELEMEN ... (7807 more bytes)","args":[{"element-6066-11e4-a52e-4f735466cecf":"3bfad2bd-71f5-4199-b48f-4f8e734beefd","ELEMENT":"3bfad2bd-71f5-4199-b48f-4f8e734beefd"}]}
RESULT: {"script":"return (function isElementDisplayed(element) {\n    function nodeIsElement(node) {\n        if (!node) {\n            return false;\n        }\n        switch (node.nodeType) {\n            case Node.ELEMEN ... (7807 more bytes)","args":[{"element-6066-11e4-a52e-4f735466cecf":"3bfad2bd-71f5-4199-b48f-4f8e734beefd","ELEMENT":"3bfad2bd-71f5-4199-b48f-4f8e734beefd"}]}
COMMAND: POST /session/0458482bac67d9303a4376118d09d61f/execute/sync - {"script":"return (function isElementDisplayed(element) {\n    function nodeIsElement(node) {\n        if (!node) {\n            return false;\n        }\n        switch (node.nodeType) {\n            case Node.ELEMEN ... (7807 more bytes)","args":[{"element-6066-11e4-a52e-4f735466cecf":"3bfad2bd-71f5-4199-b48f-4f8e734beefd","ELEMENT":"3bfad2bd-71f5-4199-b48f-4f8e734beefd"}]}
RESULT: {"script":"return (function isElementDisplayed(element) {\n    function nodeIsElement(node) {\n        if (!node) {\n            return false;\n        }\n        switch (node.nodeType) {\n            case Node.ELEMEN ... (7807 more bytes)","args":[{"element-6066-11e4-a52e-4f735466cecf":"3bfad2bd-71f5-4199-b48f-4f8e734beefd","ELEMENT":"3bfad2bd-71f5-4199-b48f-4f8e734beefd"}]}
COMMAND: POST /session/0458482bac67d9303a4376118d09d61f/execute/sync - {"script":"return (function isElementDisplayed(element) {\n    function nodeIsElement(node) {\n        if (!node) {\n            return false;\n        }\n        switch (node.nodeType) {\n            case Node.ELEMEN ... (7807 more bytes)","args":[{"element-6066-11e4-a52e-4f735466cecf":"3bfad2bd-71f5-4199-b48f-4f8e734beefd","ELEMENT":"3bfad2bd-71f5-4199-b48f-4f8e734beefd"}]}
RESULT: {"script":"return (function isElementDisplayed(element) {\n    function nodeIsElement(node) {\n        if (!node) {\n            return false;\n        }\n        switch (node.nodeType) {\n            case Node.ELEMEN ... (7807 more bytes)","args":[{"element-6066-11e4-a52e-4f735466cecf":"3bfad2bd-71f5-4199-b48f-4f8e734beefd","ELEMENT":"3bfad2bd-71f5-4199-b48f-4f8e734beefd"}]}
COMMAND: POST /session/0458482bac67d9303a4376118d09d61f/execute/sync - {"script":"return (function isElementDisplayed(element) {\n    function nodeIsElement(node) {\n        if (!node) {\n            return false;\n        }\n        switch (node.nodeType) {\n            case Node.ELEMEN ... (7807 more bytes)","args":[{"element-6066-11e4-a52e-4f735466cecf":"3bfad2bd-71f5-4199-b48f-4f8e734beefd","ELEMENT":"3bfad2bd-71f5-4199-b48f-4f8e734beefd"}]}
RESULT: {"script":"return (function isElementDisplayed(element) {\n    function nodeIsElement(node) {\n        if (!node) {\n            return false;\n        }\n        switch (node.nodeType) {\n            case Node.ELEMEN ... (7807 more bytes)","args":[{"element-6066-11e4-a52e-4f735466cecf":"3bfad2bd-71f5-4199-b48f-4f8e734beefd","ELEMENT":"3bfad2bd-71f5-4199-b48f-4f8e734beefd"}]}
COMMAND: POST /session/0458482bac67d9303a4376118d09d61f/execute/sync - {"script":"return (function isElementDisplayed(element) {\n    function nodeIsElement(node) {\n        if (!node) {\n            return false;\n        }\n        switch (node.nodeType) {\n            case Node.ELEMEN ... (7807 more bytes)","args":[{"element-6066-11e4-a52e-4f735466cecf":"3bfad2bd-71f5-4199-b48f-4f8e734beefd","ELEMENT":"3bfad2bd-71f5-4199-b48f-4f8e734beefd"}]}
RESULT: {"script":"return (function isElementDisplayed(element) {\n    function nodeIsElement(node) {\n        if (!node) {\n            return false;\n        }\n        switch (node.nodeType) {\n            case Node.ELEMEN ... (7807 more bytes)","args":[{"element-6066-11e4-a52e-4f735466cecf":"3bfad2bd-71f5-4199-b48f-4f8e734beefd","ELEMENT":"3bfad2bd-71f5-4199-b48f-4f8e734beefd"}]}
COMMAND: POST /session/0458482bac67d9303a4376118d09d61f/execute/sync - {"script":"return (function isElementDisplayed(element) {\n    function nodeIsElement(node) {\n        if (!node) {\n            return false;\n        }\n        switch (node.nodeType) {\n            case Node.ELEMEN ... (7807 more bytes)","args":[{"element-6066-11e4-a52e-4f735466cecf":"3bfad2bd-71f5-4199-b48f-4f8e734beefd","ELEMENT":"3bfad2bd-71f5-4199-b48f-4f8e734beefd"}]}
RESULT: {"script":"return (function isElementDisplayed(element) {\n    function nodeIsElement(node) {\n        if (!node) {\n            return false;\n        }\n        switch (node.nodeType) {\n            case Node.ELEMEN ... (7807 more bytes)","args":[{"element-6066-11e4-a52e-4f735466cecf":"3bfad2bd-71f5-4199-b48f-4f8e734beefd","ELEMENT":"3bfad2bd-71f5-4199-b48f-4f8e734beefd"}]}
COMMAND: POST /session/0458482bac67d9303a4376118d09d61f/execute/sync - {"script":"return (function isElementDisplayed(element) {\n    function nodeIsElement(node) {\n        if (!node) {\n            return false;\n        }\n        switch (node.nodeType) {\n            case Node.ELEMEN ... (7807 more bytes)","args":[{"element-6066-11e4-a52e-4f735466cecf":"3bfad2bd-71f5-4199-b48f-4f8e734beefd","ELEMENT":"3bfad2bd-71f5-4199-b48f-4f8e734beefd"}]}
RESULT: {"script":"return (function isElementDisplayed(element) {\n    function nodeIsElement(node) {\n        if (!node) {\n            return false;\n        }\n        switch (node.nodeType) {\n            case Node.ELEMEN ... (7807 more bytes)","args":[{"element-6066-11e4-a52e-4f735466cecf":"3bfad2bd-71f5-4199-b48f-4f8e734beefd","ELEMENT":"3bfad2bd-71f5-4199-b48f-4f8e734beefd"}]}
COMMAND: POST /session/0458482bac67d9303a4376118d09d61f/execute/sync - {"script":"return (function isElementDisplayed(element) {\n    function nodeIsElement(node) {\n        if (!node) {\n            return false;\n        }\n        switch (node.nodeType) {\n            case Node.ELEMEN ... (7807 more bytes)","args":[{"element-6066-11e4-a52e-4f735466cecf":"3bfad2bd-71f5-4199-b48f-4f8e734beefd","ELEMENT":"3bfad2bd-71f5-4199-b48f-4f8e734beefd"}]}
COMMAND: POST /session/0458482bac67d9303a4376118d09d61f/element - {"using":"css selector","value":".table-spinner"}
RESULT: {"using":"css selector","value":".table-spinner"}
COMMAND: POST /session/0458482bac67d9303a4376118d09d61f/element - {"using":"css selector","value":".table-spinner"}
RESULT: {"using":"css selector","value":".table-spinner"}
COMMAND: POST /session/0458482bac67d9303a4376118d09d61f/elements - {"using":"xpath","value":"//tbody/tr"}
RESULT: {"using":"xpath","value":"//tbody/tr"}
]]></system-out>
    </testcase>
    <testcase classname="chrome.111_0_5563_147.windows.Advanced_commands" name="Search button becomes gray" time="1.198">
      <system-out><![CDATA[
COMMAND: POST /session/0458482bac67d9303a4376118d09d61f/window/maximize - {}
COMMAND: POST /session/0458482bac67d9303a4376118d09d61f/element - {"using":"css selector","value":".admin-btn-search"}
RESULT: {}
RESULT: {"using":"css selector","value":".admin-btn-search"}
COMMAND: GET /session/0458482bac67d9303a4376118d09d61f/element/5c687b1a-c68f-4ece-8abe-ca126ca810ff/rect - {}
RESULT: {}
COMMAND: POST /session/0458482bac67d9303a4376118d09d61f/execute/sync - {"script":"return (function () {\n        return { scrollX: this.pageXOffset, scrollY: this.pageYOffset };\n    }).apply(null, arguments)","args":[]}
RESULT: {"script":"return (function () {\n        return { scrollX: this.pageXOffset, scrollY: this.pageYOffset };\n    }).apply(null, arguments)","args":[]}
COMMAND: POST /session/0458482bac67d9303a4376118d09d61f/actions - {"actions":[{"id":"action2","type":"pointer","parameters":{"pointerType":"mouse"},"actions":[{"type":"pointerMove","button":0,"width":0,"height":0,"pressure":0,"tangentialPressure":0,"tiltX":0,"tiltY":0,"twist":0,"altitudeAngle":0,"_":"5 more keys: [\"azimuthAngle\",\"x\",\"y\",\"duration\",\"origin\"]"}]}]}
RESULT: {"actions":[{"id":"action2","type":"pointer","parameters":{"pointerType":"mouse"},"actions":[{"type":"pointerMove","button":0,"width":0,"height":0,"pressure":0,"tangentialPressure":0,"tiltX":0,"tiltY":0,"twist":0,"altitudeAngle":0,"_":"5 more keys: [\"azimuthAngle\",\"x\",\"y\",\"duration\",\"origin\"]"}]}]}
COMMAND: DELETE /session/0458482bac67d9303a4376118d09d61f/actions - {}
RESULT: {}
COMMAND: POST /session/0458482bac67d9303a4376118d09d61f/element - {"using":"css selector","value":".admin-btn-search"}
RESULT: {"using":"css selector","value":".admin-btn-search"}
COMMAND: GET /session/0458482bac67d9303a4376118d09d61f/element/5c687b1a-c68f-4ece-8abe-ca126ca810ff/css/background-color - {}
RESULT: {}
]]></system-out>
    </testcase>
    <testcase classname="chrome.111_0_5563_147.windows.Advanced_commands" name="Validates user name in navigation bar" time="0.03">
      <system-out><![CDATA[
COMMAND: POST /session/0458482bac67d9303a4376118d09d61f/window/maximize - {}
COMMAND: POST /session/0458482bac67d9303a4376118d09d61f/element - {"using":"css selector","value":"li[title=\"Vadim Scherbakov\"]"}
RESULT: {}
RESULT: {"using":"css selector","value":"li[title=\"Vadim Scherbakov\"]"}
COMMAND: POST /session/0458482bac67d9303a4376118d09d61f/execute/sync - {"script":"return ((userName) => {\n      return userName.textContent;\n    }).apply(null, arguments)","args":[{"element-6066-11e4-a52e-4f735466cecf":"1e50e410-42cd-42bb-9a89-9791e505e4a2","ELEMENT":"1e50e410-42cd-42bb-9a89-9791e505e4a2"}]}
RESULT: {"script":"return ((userName) => {\n      return userName.textContent;\n    }).apply(null, arguments)","args":[{"element-6066-11e4-a52e-4f735466cecf":"1e50e410-42cd-42bb-9a89-9791e505e4a2","ELEMENT":"1e50e410-42cd-42bb-9a89-9791e505e4a2"}]}
COMMAND: DELETE /session/0458482bac67d9303a4376118d09d61f - {}
RESULT: {}
]]></system-out>
    </testcase>
  </testsuite>
</testsuites>