{
  "stats": {
    "suites": 4,
    "tests": 21,
    "passes": 21,
    "pending": 0,
    "failures": 0,
    "start": "2023-05-29T08:33:24.428Z",
    "end": "2023-05-29T08:33:33.650Z",
    "duration": 9222,
    "testsRegistered": 21,
    "passPercent": 100,
    "pendingPercent": 0,
    "other": 0,
    "hasOther": false,
    "skipped": 0,
    "hasSkipped": false
  },
  "results": [
    {
      "uuid": "5f2fef64-4d86-4ab1-8b3e-8f0f0092fa1d",
      "title": "",
      "fullFile": "",
      "file": "",
      "beforeHooks": [],
      "afterHooks": [],
      "tests": [],
      "suites": [
        {
          "uuid": "b8626ad9-5323-4c55-8ef4-cc89eb3b1fa2",
          "title": "GET method",
          "fullFile": "C:\\Users\\Vadim_Scherbakov\\JS\\automation-js-basic\\automation-js-basic-ui\\automation-js-basic\\specs\\test.spec.js",
          "file": "\\specs\\test.spec.js",
          "beforeHooks": [],
          "afterHooks": [],
          "tests": [
            {
              "title": "Validate that the first post has userId = 1",
              "fullTitle": "GET method Validate that the first post has userId = 1",
              "timedOut": false,
              "duration": 1373,
              "state": "passed",
              "speed": "slow",
              "pass": true,
              "fail": false,
              "pending": false,
              "context": null,
              "code": "const response = await sendRequest('posts/1');\nexpect(response.data.userId).to.equal(1);\nexpect(response.status).to.equal(200);",
              "err": {},
              "uuid": "fbb04f51-2adc-4ea4-a098-7d66dc1005fb",
              "parentUUID": "b8626ad9-5323-4c55-8ef4-cc89eb3b1fa2",
              "isHook": false,
              "skipped": false
            },
            {
              "title": "Validate title of users post",
              "fullTitle": "GET method Validate title of users post",
              "timedOut": false,
              "duration": 381,
              "state": "passed",
              "speed": "slow",
              "pass": true,
              "fail": false,
              "pending": false,
              "context": null,
              "code": "const response = await sendRequest('posts/1');\nexpect(response.data.title)\n.to.equal('sunt aut facere repellat provident occaecati excepturi optio reprehenderit');",
              "err": {},
              "uuid": "6bbf9e90-efa2-46e9-9cc6-30e2a4a6dd1d",
              "parentUUID": "b8626ad9-5323-4c55-8ef4-cc89eb3b1fa2",
              "isHook": false,
              "skipped": false
            },
            {
              "title": "Invalid url returns 404 error",
              "fullTitle": "GET method Invalid url returns 404 error",
              "timedOut": false,
              "duration": 386,
              "state": "passed",
              "speed": "slow",
              "pass": true,
              "fail": false,
              "pending": false,
              "context": null,
              "code": "const response = await sendRequest('posts/fgnfgn');\nexpect(response.status).to.equal(404);\nexpect(response.statusText).to.equal('Not Found');",
              "err": {},
              "uuid": "2694a9b9-3a58-4f97-96ac-db4d1eba0a44",
              "parentUUID": "b8626ad9-5323-4c55-8ef4-cc89eb3b1fa2",
              "isHook": false,
              "skipped": false
            },
            {
              "title": "Find post with by passing id into url",
              "fullTitle": "GET method Find post with by passing id into url",
              "timedOut": false,
              "duration": 397,
              "state": "passed",
              "speed": "slow",
              "pass": true,
              "fail": false,
              "pending": false,
              "context": null,
              "code": "const response = await sendRequest('posts?id=30');\nconst object = response.data.find((user) => user.id === 30);\nexpect(object.id).to.equal(30);",
              "err": {},
              "uuid": "7af79372-d4c1-451b-9141-eed72159ff19",
              "parentUUID": "b8626ad9-5323-4c55-8ef4-cc89eb3b1fa2",
              "isHook": false,
              "skipped": false
            },
            {
              "title": "Find all posts",
              "fullTitle": "GET method Find all posts",
              "timedOut": false,
              "duration": 387,
              "state": "passed",
              "speed": "slow",
              "pass": true,
              "fail": false,
              "pending": false,
              "context": null,
              "code": "const response = await sendRequest('posts');\nexpect(response.status).to.equal(200);",
              "err": {},
              "uuid": "a94cb33b-258b-4fa0-9b9a-f8639ebccd3f",
              "parentUUID": "b8626ad9-5323-4c55-8ef4-cc89eb3b1fa2",
              "isHook": false,
              "skipped": false
            }
          ],
          "suites": [],
          "passes": [
            "fbb04f51-2adc-4ea4-a098-7d66dc1005fb",
            "6bbf9e90-efa2-46e9-9cc6-30e2a4a6dd1d",
            "2694a9b9-3a58-4f97-96ac-db4d1eba0a44",
            "7af79372-d4c1-451b-9141-eed72159ff19",
            "a94cb33b-258b-4fa0-9b9a-f8639ebccd3f"
          ],
          "failures": [],
          "pending": [],
          "skipped": [],
          "duration": 2924,
          "root": false,
          "rootEmpty": false,
          "_timeout": 2000
        },
        {
          "uuid": "e6a6b149-c1e1-4e9d-9724-430e33ae0158",
          "title": "POST method",
          "fullFile": "C:\\Users\\Vadim_Scherbakov\\JS\\automation-js-basic\\automation-js-basic-ui\\automation-js-basic\\specs\\test.spec.js",
          "file": "\\specs\\test.spec.js",
          "beforeHooks": [],
          "afterHooks": [],
          "tests": [
            {
              "title": "Valid data is created",
              "fullTitle": "POST method Valid data is created",
              "timedOut": false,
              "duration": 405,
              "state": "passed",
              "speed": "slow",
              "pass": true,
              "fail": false,
              "pending": false,
              "context": null,
              "code": "const response = await sendRequest('posts', postTestData, 'post');\nexpect(response.data.title).to.equal('JS Automation Course');\nexpect(response.data.body).to.equal('This is some body text');\nexpect(response.data.userId).to.equal(1);",
              "err": {},
              "uuid": "e47072e5-6fb1-42e3-8bbf-de753de771cd",
              "parentUUID": "e6a6b149-c1e1-4e9d-9724-430e33ae0158",
              "isHook": false,
              "skipped": false
            },
            {
              "title": "Validate that successful creating a post returns 201 status",
              "fullTitle": "POST method Validate that successful creating a post returns 201 status",
              "timedOut": false,
              "duration": 389,
              "state": "passed",
              "speed": "slow",
              "pass": true,
              "fail": false,
              "pending": false,
              "context": null,
              "code": "const response = await sendRequest('posts', postTestData, 'post');\nexpect(response.status).to.equal(201);",
              "err": {},
              "uuid": "8de3050f-c8f0-4903-aa65-3a9bf5b165ff",
              "parentUUID": "e6a6b149-c1e1-4e9d-9724-430e33ae0158",
              "isHook": false,
              "skipped": false
            },
            {
              "title": "Validate that successful creating a post does not return 200 status",
              "fullTitle": "POST method Validate that successful creating a post does not return 200 status",
              "timedOut": false,
              "duration": 390,
              "state": "passed",
              "speed": "slow",
              "pass": true,
              "fail": false,
              "pending": false,
              "context": null,
              "code": "const response = await sendRequest('posts', postTestData, 'post');\nexpect(response.status).not.to.equal(200);",
              "err": {},
              "uuid": "8d068b43-cf1b-4720-b4ce-eca4220495f4",
              "parentUUID": "e6a6b149-c1e1-4e9d-9724-430e33ae0158",
              "isHook": false,
              "skipped": false
            },
            {
              "title": "Invalid url returns 404 error",
              "fullTitle": "POST method Invalid url returns 404 error",
              "timedOut": false,
              "duration": 385,
              "state": "passed",
              "speed": "slow",
              "pass": true,
              "fail": false,
              "pending": false,
              "context": null,
              "code": "const response = await sendRequest('postssss', postTestData, 'post');\nexpect(response.status).to.equal(404);\nexpect(response.statusText).to.equal('Not Found');",
              "err": {},
              "uuid": "bd788f5e-45ef-4e88-b9bb-c1c30d273e0f",
              "parentUUID": "e6a6b149-c1e1-4e9d-9724-430e33ae0158",
              "isHook": false,
              "skipped": false
            },
            {
              "title": "All data types are accepted by server ",
              "fullTitle": "POST method All data types are accepted by server ",
              "timedOut": false,
              "duration": 379,
              "state": "passed",
              "speed": "slow",
              "pass": true,
              "fail": false,
              "pending": false,
              "context": null,
              "code": "const response = await sendRequest('posts', invaidPostTestData, 'post');\nexpect(response.status).to.equal(201);\nexpect(response.data.title).to.equal(1);\nexpect(response.data.body).to.equal(true);\nexpect(response.data.userId).to.equal('abc');",
              "err": {},
              "uuid": "bdf94d14-bab5-4453-8d1d-2d996e6b533a",
              "parentUUID": "e6a6b149-c1e1-4e9d-9724-430e33ae0158",
              "isHook": false,
              "skipped": false
            },
            {
              "title": "Validate empty data is created with id 101",
              "fullTitle": "POST method Validate empty data is created with id 101",
              "timedOut": false,
              "duration": 389,
              "state": "passed",
              "speed": "slow",
              "pass": true,
              "fail": false,
              "pending": false,
              "context": null,
              "code": "const response = await sendRequest('posts', {}, 'post');\nexpect(response.status).to.equal(201);\nexpect(response.data.id).to.equal(101);",
              "err": {},
              "uuid": "7667bd55-caff-4efa-9496-0f879391499a",
              "parentUUID": "e6a6b149-c1e1-4e9d-9724-430e33ae0158",
              "isHook": false,
              "skipped": false
            },
            {
              "title": "Validate empty data is created with id 101",
              "fullTitle": "POST method Validate empty data is created with id 101",
              "timedOut": false,
              "duration": 379,
              "state": "passed",
              "speed": "slow",
              "pass": true,
              "fail": false,
              "pending": false,
              "context": null,
              "code": "const response = await sendRequest('posts', emptyTestData, 'post');\nexpect(response.status).to.equal(201);\nexpect(response.data.id).to.equal(101);\nexpect(response.data.title).to.equal('');\nexpect(response.data.body).to.equal(' ');\nexpect(response.data.userId).to.equal('');",
              "err": {},
              "uuid": "a01fd2d3-6234-4e7b-8f08-39ad5cc27af9",
              "parentUUID": "e6a6b149-c1e1-4e9d-9724-430e33ae0158",
              "isHook": false,
              "skipped": false
            }
          ],
          "suites": [],
          "passes": [
            "e47072e5-6fb1-42e3-8bbf-de753de771cd",
            "8de3050f-c8f0-4903-aa65-3a9bf5b165ff",
            "8d068b43-cf1b-4720-b4ce-eca4220495f4",
            "bd788f5e-45ef-4e88-b9bb-c1c30d273e0f",
            "bdf94d14-bab5-4453-8d1d-2d996e6b533a",
            "7667bd55-caff-4efa-9496-0f879391499a",
            "a01fd2d3-6234-4e7b-8f08-39ad5cc27af9"
          ],
          "failures": [],
          "pending": [],
          "skipped": [],
          "duration": 2716,
          "root": false,
          "rootEmpty": false,
          "_timeout": 2000
        },
        {
          "uuid": "dc709ac2-0ba7-45ad-9944-a8bfbda5fa20",
          "title": "PUT method",
          "fullFile": "C:\\Users\\Vadim_Scherbakov\\JS\\automation-js-basic\\automation-js-basic-ui\\automation-js-basic\\specs\\test.spec.js",
          "file": "\\specs\\test.spec.js",
          "beforeHooks": [],
          "afterHooks": [],
          "tests": [
            {
              "title": "All data is updated with new data",
              "fullTitle": "PUT method All data is updated with new data",
              "timedOut": false,
              "duration": 381,
              "state": "passed",
              "speed": "slow",
              "pass": true,
              "fail": false,
              "pending": false,
              "context": null,
              "code": "const response = await sendRequest('posts/1', putTestData, 'put');\nexpect(response.status).to.equal(200);\nexpect(response.data.userId).to.equal(666);\nexpect(response.data.title).to.equal(undefined);\nexpect(response.data.body).to.equal(undefined);\nexpect(response.data.id).to.equal(1);",
              "err": {},
              "uuid": "fea0a696-bd0a-46dd-ad31-46444a98a7af",
              "parentUUID": "dc709ac2-0ba7-45ad-9944-a8bfbda5fa20",
              "isHook": false,
              "skipped": false
            },
            {
              "title": "Invalid url returns 404 error",
              "fullTitle": "PUT method Invalid url returns 404 error",
              "timedOut": false,
              "duration": 384,
              "state": "passed",
              "speed": "slow",
              "pass": true,
              "fail": false,
              "pending": false,
              "context": null,
              "code": "const response = await sendRequest('postssss', putTestData, 'put');\nexpect(response.status).to.equal(404);\nexpect(response.statusText).to.equal('Not Found');",
              "err": {},
              "uuid": "eb37f368-081f-4772-a186-c3562a53cafe",
              "parentUUID": "dc709ac2-0ba7-45ad-9944-a8bfbda5fa20",
              "isHook": false,
              "skipped": false
            },
            {
              "title": "Validate empty data is created with id 101",
              "fullTitle": "PUT method Validate empty data is created with id 101",
              "timedOut": false,
              "duration": 384,
              "state": "passed",
              "speed": "slow",
              "pass": true,
              "fail": false,
              "pending": false,
              "context": null,
              "code": "const response = await sendRequest('posts/1', {}, 'put');\nexpect(response.status).to.equal(200);\nexpect(response.data.id).to.equal(1);\nexpect(response.data.userId).to.equal(undefined);\nexpect(response.data.title).to.equal(undefined);\nexpect(response.data.body).to.equal(undefined);",
              "err": {},
              "uuid": "144d4b42-3112-44ac-8061-6a9112d76630",
              "parentUUID": "dc709ac2-0ba7-45ad-9944-a8bfbda5fa20",
              "isHook": false,
              "skipped": false
            },
            {
              "title": "Validate empty data is created with id 101",
              "fullTitle": "PUT method Validate empty data is created with id 101",
              "timedOut": false,
              "duration": 398,
              "state": "passed",
              "speed": "slow",
              "pass": true,
              "fail": false,
              "pending": false,
              "context": null,
              "code": "const response = await sendRequest('posts/1', emptyTestData, 'put');\nexpect(response.status).to.equal(200);\nexpect(response.data.id).to.equal(1);\nexpect(response.data.title).to.equal('');\nexpect(response.data.body).to.equal(' ');\nexpect(response.data.userId).to.equal('');",
              "err": {},
              "uuid": "7271a5d5-7511-4eb2-be28-f7207acad946",
              "parentUUID": "dc709ac2-0ba7-45ad-9944-a8bfbda5fa20",
              "isHook": false,
              "skipped": false
            }
          ],
          "suites": [],
          "passes": [
            "fea0a696-bd0a-46dd-ad31-46444a98a7af",
            "eb37f368-081f-4772-a186-c3562a53cafe",
            "144d4b42-3112-44ac-8061-6a9112d76630",
            "7271a5d5-7511-4eb2-be28-f7207acad946"
          ],
          "failures": [],
          "pending": [],
          "skipped": [],
          "duration": 1547,
          "root": false,
          "rootEmpty": false,
          "_timeout": 2000
        },
        {
          "uuid": "8b84f915-9791-4066-bbae-feadb4f4cdf2",
          "title": "DELETE method",
          "fullFile": "C:\\Users\\Vadim_Scherbakov\\JS\\automation-js-basic\\automation-js-basic-ui\\automation-js-basic\\specs\\test.spec.js",
          "file": "\\specs\\test.spec.js",
          "beforeHooks": [],
          "afterHooks": [],
          "tests": [
            {
              "title": "Validate that post is deleted",
              "fullTitle": "DELETE method Validate that post is deleted",
              "timedOut": false,
              "duration": 380,
              "state": "passed",
              "speed": "slow",
              "pass": true,
              "fail": false,
              "pending": false,
              "context": null,
              "code": "const response = await sendRequest('posts/1', 'delete');\nexpect(response.status).to.equal(200);",
              "err": {},
              "uuid": "be99d6f1-197e-4ca9-b3f6-b5505a012e5d",
              "parentUUID": "8b84f915-9791-4066-bbae-feadb4f4cdf2",
              "isHook": false,
              "skipped": false
            },
            {
              "title": "Validate that all posts are deleted",
              "fullTitle": "DELETE method Validate that all posts are deleted",
              "timedOut": false,
              "duration": 417,
              "state": "passed",
              "speed": "slow",
              "pass": true,
              "fail": false,
              "pending": false,
              "context": null,
              "code": "const response = await sendRequest('posts', 'delete');\nexpect(response.status).to.equal(200);",
              "err": {},
              "uuid": "336d9b28-dde7-4f2b-978e-56ee873925b7",
              "parentUUID": "8b84f915-9791-4066-bbae-feadb4f4cdf2",
              "isHook": false,
              "skipped": false
            },
            {
              "title": "Delete filtered post",
              "fullTitle": "DELETE method Delete filtered post",
              "timedOut": false,
              "duration": 388,
              "state": "passed",
              "speed": "slow",
              "pass": true,
              "fail": false,
              "pending": false,
              "context": null,
              "code": "const response = await sendRequest('posts?id=30', 'delete');\nexpect(response.status).to.equal(200);",
              "err": {},
              "uuid": "9088a14d-1164-4d90-9ef9-c646e77c9fe4",
              "parentUUID": "8b84f915-9791-4066-bbae-feadb4f4cdf2",
              "isHook": false,
              "skipped": false
            },
            {
              "title": "Invalid url returns 404 error",
              "fullTitle": "DELETE method Invalid url returns 404 error",
              "timedOut": false,
              "duration": 380,
              "state": "passed",
              "speed": "slow",
              "pass": true,
              "fail": false,
              "pending": false,
              "context": null,
              "code": "const response = await sendRequest('postssss', 'delete');\nexpect(response.status).to.equal(404);\nexpect(response.statusText).to.equal('Not Found');",
              "err": {},
              "uuid": "db35fb9a-bfc5-4b94-817a-ac8a5193da5c",
              "parentUUID": "8b84f915-9791-4066-bbae-feadb4f4cdf2",
              "isHook": false,
              "skipped": false
            },
            {
              "title": "Delete non existing post",
              "fullTitle": "DELETE method Delete non existing post",
              "timedOut": false,
              "duration": 390,
              "state": "passed",
              "speed": "slow",
              "pass": true,
              "fail": false,
              "pending": false,
              "context": null,
              "code": "const response = await sendRequest('posts/666', 'delete');\nexpect(response.status).to.equal(404);\nexpect(response.statusText).to.equal('Not Found');",
              "err": {},
              "uuid": "fdbf7fb4-1119-4528-8863-e29737782bf8",
              "parentUUID": "8b84f915-9791-4066-bbae-feadb4f4cdf2",
              "isHook": false,
              "skipped": false
            }
          ],
          "suites": [],
          "passes": [
            "be99d6f1-197e-4ca9-b3f6-b5505a012e5d",
            "336d9b28-dde7-4f2b-978e-56ee873925b7",
            "9088a14d-1164-4d90-9ef9-c646e77c9fe4",
            "db35fb9a-bfc5-4b94-817a-ac8a5193da5c",
            "fdbf7fb4-1119-4528-8863-e29737782bf8"
          ],
          "failures": [],
          "pending": [],
          "skipped": [],
          "duration": 1955,
          "root": false,
          "rootEmpty": false,
          "_timeout": 2000
        }
      ],
      "passes": [],
      "failures": [],
      "pending": [],
      "skipped": [],
      "duration": 0,
      "root": true,
      "rootEmpty": true,
      "_timeout": 2000
    }
  ],
  "meta": {
    "mocha": {
      "version": "10.2.0"
    },
    "mochawesome": {
      "options": {
        "quiet": false,
        "reportFilename": "mochawesome",
        "saveHtml": true,
        "saveJson": true,
        "consoleReporter": "spec",
        "useInlineDiffs": false,
        "code": true
      },
      "version": "7.1.3"
    },
    "marge": {
      "options": null,
      "version": "6.2.0"
    }
  }
}